#
# There is insufficient memory for the Java Runtime Environment to continue.
# Native memory allocation (malloc) failed to allocate 382496 bytes. Error detail: Chunk::new
# Possible reasons:
#   The system is out of physical RAM or swap space
#   This process is running with CompressedOops enabled, and the Java Heap may be blocking the growth of the native heap
# Possible solutions:
#   Reduce memory load on the system
#   Increase physical memory or swap space
#   Check if swap backing store is full
#   Decrease Java heap size (-Xmx/-Xms)
#   Decrease number of Java threads
#   Decrease Java thread stack sizes (-Xss)
#   Set larger code cache with -XX:ReservedCodeCacheSize=
#   JVM is running with Unscaled Compressed Oops mode in which the Java heap is
#     placed in the first 4GB address space. The Java Heap base address is the
#     maximum limit for the native heap growth. Please use -XX:HeapBaseMinAddress
#     to set the Java Heap base and to place the Java Heap above 4GB virtual address.
# This output file may be truncated or incomplete.
#
#  Out of Memory Error (arena.cpp:150), pid=23704, tid=21008
#
# JRE version: Java(TM) SE Runtime Environment (22.0.1+8) (build 22.0.1+8-16)
# Java VM: Java HotSpot(TM) 64-Bit Server VM (22.0.1+8-16, mixed mode, sharing, tiered, compressed oops, compressed class ptrs, g1 gc, windows-amd64)
# No core dump will be written. Minidumps are not enabled by default on client versions of Windows
#

---------------  S U M M A R Y ------------

Command Line: --enable-native-access=ALL-UNNAMED -Dclassworlds.conf=C:\Users\deepa\Downloads\apache-maven-3.9.10-bin\apache-maven-3.9.10\bin\m2.conf -Dmaven.home=C:\Users\deepa\Downloads\apache-maven-3.9.10-bin\apache-maven-3.9.10 -Dlibrary.jansi.path=C:\Users\deepa\Downloads\apache-maven-3.9.10-bin\apache-maven-3.9.10\lib\jansi-native -Dmaven.multiModuleProjectDirectory=C:\Users\deepa\eclipse-workspace\Baniprava\src\A\E_21AutomationFramework org.codehaus.plexus.classworlds.launcher.Launcher clean

Host: Intel(R) Core(TM) i3-10110U CPU @ 2.10GHz, 4 cores, 7G,  Windows 11 , 64 bit Build 22621 (10.0.22621.5262)
Time: Fri Jun 20 13:42:29 2025 India Standard Time elapsed time: 3.655304 seconds (0d 0h 0m 3s)

---------------  T H R E A D  ---------------

Current thread (0x000002170482bc70):  JavaThread "C2 CompilerThread0" daemon [_thread_in_native, id=21008, stack(0x000000ad64b00000,0x000000ad64c00000) (1024K)]


Current CompileTask:
C2:3655 2673   !   4       java.net.URL::<init> (543 bytes)

Stack: [0x000000ad64b00000,0x000000ad64c00000]
Native frames: (J=compiled Java code, j=interpreted, Vv=VM code, C=native code)
V  [jvm.dll+0x6e2279]  (no source info available)
V  [jvm.dll+0x874e33]  (no source info available)
V  [jvm.dll+0x87725e]  (no source info available)
V  [jvm.dll+0x877933]  (no source info available)
V  [jvm.dll+0x27fd76]  (no source info available)
V  [jvm.dll+0xc3d0f]  (no source info available)
V  [jvm.dll+0xc3f6b]  (no source info available)
V  [jvm.dll+0x2f3c2f]  (no source info available)
V  [jvm.dll+0x60bc9a]  (no source info available)
V  [jvm.dll+0x250db2]  (no source info available)
V  [jvm.dll+0x248e2e]  (no source info available)
V  [jvm.dll+0x246ec6]  (no source info available)
V  [jvm.dll+0x1c4e90]  (no source info available)
V  [jvm.dll+0x2569fe]  (no source info available)
V  [jvm.dll+0x254cba]  (no source info available)
V  [jvm.dll+0x3f5336]  (no source info available)
V  [jvm.dll+0x81d44b]  (no source info available)
V  [jvm.dll+0x6e0915]  (no source info available)
C  [ucrtbase.dll+0x29333]  (no source info available)
C  [KERNEL32.DLL+0x1259d]  (no source info available)
C  [ntdll.dll+0x5af58]  (no source info available)


---------------  P R O C E S S  ---------------

Threads class SMR info:
_java_thread_list=0x000002174ac0e110, length=12, elements={
0x000002176688f3c0, 0x0000021704819cf0, 0x000002170481aa10, 0x0000021704820bd0,
0x0000021704821c10, 0x0000021704824f60, 0x000002170482ab30, 0x000002170482bc70,
0x000002170482def0, 0x0000021704a94ca0, 0x0000021704a9ffd0, 0x000002174b082650
}

Java Threads: ( => current thread )
  0x000002176688f3c0 JavaThread "main"                              [_thread_in_vm, id=12360, stack(0x000000ad63d00000,0x000000ad63e00000) (1024K)]
  0x0000021704819cf0 JavaThread "Reference Handler"          daemon [_thread_blocked, id=18704, stack(0x000000ad64500000,0x000000ad64600000) (1024K)]
  0x000002170481aa10 JavaThread "Finalizer"                  daemon [_thread_blocked, id=2352, stack(0x000000ad64600000,0x000000ad64700000) (1024K)]
  0x0000021704820bd0 JavaThread "Signal Dispatcher"          daemon [_thread_blocked, id=21416, stack(0x000000ad64700000,0x000000ad64800000) (1024K)]
  0x0000021704821c10 JavaThread "Attach Listener"            daemon [_thread_blocked, id=17580, stack(0x000000ad64800000,0x000000ad64900000) (1024K)]
  0x0000021704824f60 JavaThread "Service Thread"             daemon [_thread_blocked, id=22604, stack(0x000000ad64900000,0x000000ad64a00000) (1024K)]
  0x000002170482ab30 JavaThread "Monitor Deflation Thread"   daemon [_thread_blocked, id=22224, stack(0x000000ad64a00000,0x000000ad64b00000) (1024K)]
=>0x000002170482bc70 JavaThread "C2 CompilerThread0"         daemon [_thread_in_native, id=21008, stack(0x000000ad64b00000,0x000000ad64c00000) (1024K)]
  0x000002170482def0 JavaThread "C1 CompilerThread0"         daemon [_thread_blocked, id=20080, stack(0x000000ad64c00000,0x000000ad64d00000) (1024K)]
  0x0000021704a94ca0 JavaThread "Notification Thread"        daemon [_thread_blocked, id=2940, stack(0x000000ad64d00000,0x000000ad64e00000) (1024K)]
  0x0000021704a9ffd0 JavaThread "Common-Cleaner"             daemon [_thread_blocked, id=10548, stack(0x000000ad64e00000,0x000000ad64f00000) (1024K)]
  0x000002174b082650 JavaThread "Thread-1"                   daemon [_thread_blocked, id=22296, stack(0x000000ad65300000,0x000000ad65400000) (1024K)]
Total: 12

Other Threads:
  0x00000217047fcd30 VMThread "VM Thread"                           [id=8624, stack(0x000000ad64400000,0x000000ad64500000) (1024K)]
  0x00000217047e1860 WatcherThread "VM Periodic Task Thread"        [id=25168, stack(0x000000ad64300000,0x000000ad64400000) (1024K)]
  0x00000217668e6330 WorkerThread "GC Thread#0"                     [id=23700, stack(0x000000ad63e00000,0x000000ad63f00000) (1024K)]
  0x000002174a722260 WorkerThread "GC Thread#1"                     [id=10864, stack(0x000000ad64f00000,0x000000ad65000000) (1024K)]
  0x000002174a722610 WorkerThread "GC Thread#2"                     [id=8804, stack(0x000000ad65000000,0x000000ad65100000) (1024K)]
  0x000002174a41cea0 WorkerThread "GC Thread#3"                     [id=2404, stack(0x000000ad65100000,0x000000ad65200000) (1024K)]
  0x00000217668f6fb0 ConcurrentGCThread "G1 Main Marker"            [id=23468, stack(0x000000ad63f00000,0x000000ad64000000) (1024K)]
  0x00000217668f8170 WorkerThread "G1 Conc#0"                       [id=8876, stack(0x000000ad64000000,0x000000ad64100000) (1024K)]
  0x000002176694eaa0 ConcurrentGCThread "G1 Refine#0"               [id=25288, stack(0x000000ad64100000,0x000000ad64200000) (1024K)]
  0x00000217046b4730 ConcurrentGCThread "G1 Service"                [id=22276, stack(0x000000ad64200000,0x000000ad64300000) (1024K)]
Total: 10

Threads with active compile tasks:
C2 CompilerThread0  3786 2673   !   4       java.net.URL::<init> (543 bytes)
Total: 1

VM state: not at safepoint (normal execution)

VM Mutex/Monitor currently owned by a thread: None

Heap address: 0x0000000082800000, size: 2008 MB, Compressed Oops mode: 32-bit

CDS archive(s) mapped at: [0x0000021705000000-0x0000021705c60000-0x0000021705c60000), size 12976128, SharedBaseAddress: 0x0000021705000000, ArchiveRelocationMode: 1.
Compressed class space mapped at: 0x0000021706000000-0x0000021746000000, reserved size: 1073741824
Narrow klass base: 0x0000021705000000, Narrow klass shift: 0, Narrow klass range: 0x41000000

GC Precious Log:
 CardTable entry size: 512
 Card Set container configuration: InlinePtr #cards 5 size 8 Array Of Cards #cards 12 size 40 Howl #buckets 4 coarsen threshold 1843 Howl Bitmap #cards 512 size 80 coarsen threshold 460 Card regions per heap region 1 cards per card region 2048
 CPUs: 4 total, 4 available
 Memory: 8026M
 Large Page Support: Disabled
 NUMA Support: Disabled
 Compressed Oops: Enabled (32-bit)
 Heap Region Size: 1M
 Heap Min Capacity: 8M
 Heap Initial Capacity: 126M
 Heap Max Capacity: 2008M
 Pre-touch: Disabled
 Parallel Workers: 4
 Concurrent Workers: 1
 Concurrent Refinement Workers: 4
 Periodic GC: Disabled

Heap:
 garbage-first heap   total reserved 2056192K, committed 129024K, used 47282K [0x0000000082800000, 0x0000000100000000)
  region size 1024K, 44 young (45056K), 1 survivors (1024K)
 Metaspace       used 14144K, committed 14400K, reserved 1114112K
  class space    used 1753K, committed 1856K, reserved 1048576K

Heap Regions: E=young(eden), S=young(survivor), O=old, HS=humongous(starts), HC=humongous(continues), CS=collection set, F=free, TAMS=top-at-mark-start, PB=parsable bottom
|   0|0x0000000082800000, 0x0000000082900000, 0x0000000082900000|100%| O|  |TAMS 0x0000000082800000| PB 0x0000000082800000| Untracked |  0
|   1|0x0000000082900000, 0x0000000082a00000, 0x0000000082a00000|100%| O|  |TAMS 0x0000000082900000| PB 0x0000000082900000| Untracked |  0
|   2|0x0000000082a00000, 0x0000000082b00000, 0x0000000082b00000|100%| O|  |TAMS 0x0000000082a00000| PB 0x0000000082a00000| Untracked |  0
|   3|0x0000000082b00000, 0x0000000082b4f870, 0x0000000082c00000| 31%| O|  |TAMS 0x0000000082b00000| PB 0x0000000082b00000| Untracked |  0
|   4|0x0000000082c00000, 0x0000000082c00000, 0x0000000082d00000|  0%| F|  |TAMS 0x0000000082c00000| PB 0x0000000082c00000| Untracked |  0
|   5|0x0000000082d00000, 0x0000000082d00000, 0x0000000082e00000|  0%| F|  |TAMS 0x0000000082d00000| PB 0x0000000082d00000| Untracked |  0
|   6|0x0000000082e00000, 0x0000000082e00000, 0x0000000082f00000|  0%| F|  |TAMS 0x0000000082e00000| PB 0x0000000082e00000| Untracked |  0
|   7|0x0000000082f00000, 0x0000000082f00000, 0x0000000083000000|  0%| F|  |TAMS 0x0000000082f00000| PB 0x0000000082f00000| Untracked |  0
|   8|0x0000000083000000, 0x0000000083000000, 0x0000000083100000|  0%| F|  |TAMS 0x0000000083000000| PB 0x0000000083000000| Untracked |  0
|   9|0x0000000083100000, 0x0000000083100000, 0x0000000083200000|  0%| F|  |TAMS 0x0000000083100000| PB 0x0000000083100000| Untracked |  0
|  10|0x0000000083200000, 0x0000000083200000, 0x0000000083300000|  0%| F|  |TAMS 0x0000000083200000| PB 0x0000000083200000| Untracked |  0
|  11|0x0000000083300000, 0x0000000083300000, 0x0000000083400000|  0%| F|  |TAMS 0x0000000083300000| PB 0x0000000083300000| Untracked |  0
|  12|0x0000000083400000, 0x0000000083400000, 0x0000000083500000|  0%| F|  |TAMS 0x0000000083400000| PB 0x0000000083400000| Untracked |  0
|  13|0x0000000083500000, 0x0000000083500000, 0x0000000083600000|  0%| F|  |TAMS 0x0000000083500000| PB 0x0000000083500000| Untracked |  0
|  14|0x0000000083600000, 0x0000000083600000, 0x0000000083700000|  0%| F|  |TAMS 0x0000000083600000| PB 0x0000000083600000| Untracked |  0
|  15|0x0000000083700000, 0x0000000083700000, 0x0000000083800000|  0%| F|  |TAMS 0x0000000083700000| PB 0x0000000083700000| Untracked |  0
|  16|0x0000000083800000, 0x0000000083800000, 0x0000000083900000|  0%| F|  |TAMS 0x0000000083800000| PB 0x0000000083800000| Untracked |  0
|  17|0x0000000083900000, 0x0000000083900000, 0x0000000083a00000|  0%| F|  |TAMS 0x0000000083900000| PB 0x0000000083900000| Untracked |  0
|  18|0x0000000083a00000, 0x0000000083a00000, 0x0000000083b00000|  0%| F|  |TAMS 0x0000000083a00000| PB 0x0000000083a00000| Untracked |  0
|  19|0x0000000083b00000, 0x0000000083b00000, 0x0000000083c00000|  0%| F|  |TAMS 0x0000000083b00000| PB 0x0000000083b00000| Untracked |  0
|  20|0x0000000083c00000, 0x0000000083c00000, 0x0000000083d00000|  0%| F|  |TAMS 0x0000000083c00000| PB 0x0000000083c00000| Untracked |  0
|  21|0x0000000083d00000, 0x0000000083d00000, 0x0000000083e00000|  0%| F|  |TAMS 0x0000000083d00000| PB 0x0000000083d00000| Untracked |  0
|  22|0x0000000083e00000, 0x0000000083e00000, 0x0000000083f00000|  0%| F|  |TAMS 0x0000000083e00000| PB 0x0000000083e00000| Untracked |  0
|  23|0x0000000083f00000, 0x0000000083f00000, 0x0000000084000000|  0%| F|  |TAMS 0x0000000083f00000| PB 0x0000000083f00000| Untracked |  0
|  24|0x0000000084000000, 0x0000000084000000, 0x0000000084100000|  0%| F|  |TAMS 0x0000000084000000| PB 0x0000000084000000| Untracked |  0
|  25|0x0000000084100000, 0x0000000084100000, 0x0000000084200000|  0%| F|  |TAMS 0x0000000084100000| PB 0x0000000084100000| Untracked |  0
|  26|0x0000000084200000, 0x0000000084200000, 0x0000000084300000|  0%| F|  |TAMS 0x0000000084200000| PB 0x0000000084200000| Untracked |  0
|  27|0x0000000084300000, 0x0000000084300000, 0x0000000084400000|  0%| F|  |TAMS 0x0000000084300000| PB 0x0000000084300000| Untracked |  0
|  28|0x0000000084400000, 0x0000000084400000, 0x0000000084500000|  0%| F|  |TAMS 0x0000000084400000| PB 0x0000000084400000| Untracked |  0
|  29|0x0000000084500000, 0x0000000084500000, 0x0000000084600000|  0%| F|  |TAMS 0x0000000084500000| PB 0x0000000084500000| Untracked |  0
|  30|0x0000000084600000, 0x0000000084600000, 0x0000000084700000|  0%| F|  |TAMS 0x0000000084600000| PB 0x0000000084600000| Untracked |  0
|  31|0x0000000084700000, 0x0000000084700000, 0x0000000084800000|  0%| F|  |TAMS 0x0000000084700000| PB 0x0000000084700000| Untracked |  0
|  32|0x0000000084800000, 0x0000000084800000, 0x0000000084900000|  0%| F|  |TAMS 0x0000000084800000| PB 0x0000000084800000| Untracked |  0
|  33|0x0000000084900000, 0x0000000084900000, 0x0000000084a00000|  0%| F|  |TAMS 0x0000000084900000| PB 0x0000000084900000| Untracked |  0
|  34|0x0000000084a00000, 0x0000000084a00000, 0x0000000084b00000|  0%| F|  |TAMS 0x0000000084a00000| PB 0x0000000084a00000| Untracked |  0
|  35|0x0000000084b00000, 0x0000000084b00000, 0x0000000084c00000|  0%| F|  |TAMS 0x0000000084b00000| PB 0x0000000084b00000| Untracked |  0
|  36|0x0000000084c00000, 0x0000000084c00000, 0x0000000084d00000|  0%| F|  |TAMS 0x0000000084c00000| PB 0x0000000084c00000| Untracked |  0
|  37|0x0000000084d00000, 0x0000000084d00000, 0x0000000084e00000|  0%| F|  |TAMS 0x0000000084d00000| PB 0x0000000084d00000| Untracked |  0
|  38|0x0000000084e00000, 0x0000000084e00000, 0x0000000084f00000|  0%| F|  |TAMS 0x0000000084e00000| PB 0x0000000084e00000| Untracked |  0
|  39|0x0000000084f00000, 0x0000000084f00000, 0x0000000085000000|  0%| F|  |TAMS 0x0000000084f00000| PB 0x0000000084f00000| Untracked |  0
|  40|0x0000000085000000, 0x0000000085000000, 0x0000000085100000|  0%| F|  |TAMS 0x0000000085000000| PB 0x0000000085000000| Untracked |  0
|  41|0x0000000085100000, 0x0000000085100000, 0x0000000085200000|  0%| F|  |TAMS 0x0000000085100000| PB 0x0000000085100000| Untracked |  0
|  42|0x0000000085200000, 0x0000000085200000, 0x0000000085300000|  0%| F|  |TAMS 0x0000000085200000| PB 0x0000000085200000| Untracked |  0
|  43|0x0000000085300000, 0x0000000085300000, 0x0000000085400000|  0%| F|  |TAMS 0x0000000085300000| PB 0x0000000085300000| Untracked |  0
|  44|0x0000000085400000, 0x0000000085400000, 0x0000000085500000|  0%| F|  |TAMS 0x0000000085400000| PB 0x0000000085400000| Untracked |  0
|  45|0x0000000085500000, 0x0000000085500000, 0x0000000085600000|  0%| F|  |TAMS 0x0000000085500000| PB 0x0000000085500000| Untracked |  0
|  46|0x0000000085600000, 0x0000000085600000, 0x0000000085700000|  0%| F|  |TAMS 0x0000000085600000| PB 0x0000000085600000| Untracked |  0
|  47|0x0000000085700000, 0x0000000085700000, 0x0000000085800000|  0%| F|  |TAMS 0x0000000085700000| PB 0x0000000085700000| Untracked |  0
|  48|0x0000000085800000, 0x0000000085800000, 0x0000000085900000|  0%| F|  |TAMS 0x0000000085800000| PB 0x0000000085800000| Untracked |  0
|  49|0x0000000085900000, 0x0000000085900000, 0x0000000085a00000|  0%| F|  |TAMS 0x0000000085900000| PB 0x0000000085900000| Untracked |  0
|  50|0x0000000085a00000, 0x0000000085a00000, 0x0000000085b00000|  0%| F|  |TAMS 0x0000000085a00000| PB 0x0000000085a00000| Untracked |  0
|  51|0x0000000085b00000, 0x0000000085b00000, 0x0000000085c00000|  0%| F|  |TAMS 0x0000000085b00000| PB 0x0000000085b00000| Untracked |  0
|  52|0x0000000085c00000, 0x0000000085c00000, 0x0000000085d00000|  0%| F|  |TAMS 0x0000000085c00000| PB 0x0000000085c00000| Untracked |  0
|  53|0x0000000085d00000, 0x0000000085d00000, 0x0000000085e00000|  0%| F|  |TAMS 0x0000000085d00000| PB 0x0000000085d00000| Untracked |  0
|  54|0x0000000085e00000, 0x0000000085e00000, 0x0000000085f00000|  0%| F|  |TAMS 0x0000000085e00000| PB 0x0000000085e00000| Untracked |  0
|  55|0x0000000085f00000, 0x0000000085f00000, 0x0000000086000000|  0%| F|  |TAMS 0x0000000085f00000| PB 0x0000000085f00000| Untracked |  0
|  56|0x0000000086000000, 0x0000000086000000, 0x0000000086100000|  0%| F|  |TAMS 0x0000000086000000| PB 0x0000000086000000| Untracked |  0
|  57|0x0000000086100000, 0x0000000086100000, 0x0000000086200000|  0%| F|  |TAMS 0x0000000086100000| PB 0x0000000086100000| Untracked |  0
|  58|0x0000000086200000, 0x0000000086200000, 0x0000000086300000|  0%| F|  |TAMS 0x0000000086200000| PB 0x0000000086200000| Untracked |  0
|  59|0x0000000086300000, 0x0000000086300000, 0x0000000086400000|  0%| F|  |TAMS 0x0000000086300000| PB 0x0000000086300000| Untracked |  0
|  60|0x0000000086400000, 0x0000000086400000, 0x0000000086500000|  0%| F|  |TAMS 0x0000000086400000| PB 0x0000000086400000| Untracked |  0
|  61|0x0000000086500000, 0x0000000086500000, 0x0000000086600000|  0%| F|  |TAMS 0x0000000086500000| PB 0x0000000086500000| Untracked |  0
|  62|0x0000000086600000, 0x0000000086600000, 0x0000000086700000|  0%| F|  |TAMS 0x0000000086600000| PB 0x0000000086600000| Untracked |  0
|  63|0x0000000086700000, 0x0000000086700000, 0x0000000086800000|  0%| F|  |TAMS 0x0000000086700000| PB 0x0000000086700000| Untracked |  0
|  64|0x0000000086800000, 0x0000000086800000, 0x0000000086900000|  0%| F|  |TAMS 0x0000000086800000| PB 0x0000000086800000| Untracked |  0
|  65|0x0000000086900000, 0x0000000086900000, 0x0000000086a00000|  0%| F|  |TAMS 0x0000000086900000| PB 0x0000000086900000| Untracked |  0
|  66|0x0000000086a00000, 0x0000000086a00000, 0x0000000086b00000|  0%| F|  |TAMS 0x0000000086a00000| PB 0x0000000086a00000| Untracked |  0
|  67|0x0000000086b00000, 0x0000000086b00000, 0x0000000086c00000|  0%| F|  |TAMS 0x0000000086b00000| PB 0x0000000086b00000| Untracked |  0
|  68|0x0000000086c00000, 0x0000000086c00000, 0x0000000086d00000|  0%| F|  |TAMS 0x0000000086c00000| PB 0x0000000086c00000| Untracked |  0
|  69|0x0000000086d00000, 0x0000000086d00000, 0x0000000086e00000|  0%| F|  |TAMS 0x0000000086d00000| PB 0x0000000086d00000| Untracked |  0
|  70|0x0000000086e00000, 0x0000000086e00000, 0x0000000086f00000|  0%| F|  |TAMS 0x0000000086e00000| PB 0x0000000086e00000| Untracked |  0
|  71|0x0000000086f00000, 0x0000000086f00000, 0x0000000087000000|  0%| F|  |TAMS 0x0000000086f00000| PB 0x0000000086f00000| Untracked |  0
|  72|0x0000000087000000, 0x0000000087000000, 0x0000000087100000|  0%| F|  |TAMS 0x0000000087000000| PB 0x0000000087000000| Untracked |  0
|  73|0x0000000087100000, 0x0000000087100000, 0x0000000087200000|  0%| F|  |TAMS 0x0000000087100000| PB 0x0000000087100000| Untracked |  0
|  74|0x0000000087200000, 0x0000000087200000, 0x0000000087300000|  0%| F|  |TAMS 0x0000000087200000| PB 0x0000000087200000| Untracked |  0
|  75|0x0000000087300000, 0x0000000087300000, 0x0000000087400000|  0%| F|  |TAMS 0x0000000087300000| PB 0x0000000087300000| Untracked |  0
|  76|0x0000000087400000, 0x0000000087400000, 0x0000000087500000|  0%| F|  |TAMS 0x0000000087400000| PB 0x0000000087400000| Untracked |  0
|  77|0x0000000087500000, 0x0000000087500000, 0x0000000087600000|  0%| F|  |TAMS 0x0000000087500000| PB 0x0000000087500000| Untracked |  0
|  78|0x0000000087600000, 0x0000000087600000, 0x0000000087700000|  0%| F|  |TAMS 0x0000000087600000| PB 0x0000000087600000| Untracked |  0
|  79|0x0000000087700000, 0x0000000087700000, 0x0000000087800000|  0%| F|  |TAMS 0x0000000087700000| PB 0x0000000087700000| Untracked |  0
|  80|0x0000000087800000, 0x0000000087800000, 0x0000000087900000|  0%| F|  |TAMS 0x0000000087800000| PB 0x0000000087800000| Untracked |  0
|  81|0x0000000087900000, 0x0000000087900000, 0x0000000087a00000|  0%| F|  |TAMS 0x0000000087900000| PB 0x0000000087900000| Untracked |  0
|  82|0x0000000087a00000, 0x0000000087abc8f0, 0x0000000087b00000| 73%| E|  |TAMS 0x0000000087a00000| PB 0x0000000087a00000| Complete |  0
|  83|0x0000000087b00000, 0x0000000087c00000, 0x0000000087c00000|100%| E|CS|TAMS 0x0000000087b00000| PB 0x0000000087b00000| Complete |  0
|  84|0x0000000087c00000, 0x0000000087d00000, 0x0000000087d00000|100%| E|CS|TAMS 0x0000000087c00000| PB 0x0000000087c00000| Complete |  0
|  85|0x0000000087d00000, 0x0000000087e00000, 0x0000000087e00000|100%| E|CS|TAMS 0x0000000087d00000| PB 0x0000000087d00000| Complete |  0
|  86|0x0000000087e00000, 0x0000000087f00000, 0x0000000087f00000|100%| E|CS|TAMS 0x0000000087e00000| PB 0x0000000087e00000| Complete |  0
|  87|0x0000000087f00000, 0x0000000088000000, 0x0000000088000000|100%| E|CS|TAMS 0x0000000087f00000| PB 0x0000000087f00000| Complete |  0
|  88|0x0000000088000000, 0x0000000088100000, 0x0000000088100000|100%| E|CS|TAMS 0x0000000088000000| PB 0x0000000088000000| Complete |  0
|  89|0x0000000088100000, 0x0000000088200000, 0x0000000088200000|100%| E|CS|TAMS 0x0000000088100000| PB 0x0000000088100000| Complete |  0
|  90|0x0000000088200000, 0x0000000088300000, 0x0000000088300000|100%| E|CS|TAMS 0x0000000088200000| PB 0x0000000088200000| Complete |  0
|  91|0x0000000088300000, 0x0000000088400000, 0x0000000088400000|100%| E|CS|TAMS 0x0000000088300000| PB 0x0000000088300000| Complete |  0
|  92|0x0000000088400000, 0x0000000088500000, 0x0000000088500000|100%| E|CS|TAMS 0x0000000088400000| PB 0x0000000088400000| Complete |  0
|  93|0x0000000088500000, 0x0000000088600000, 0x0000000088600000|100%| E|CS|TAMS 0x0000000088500000| PB 0x0000000088500000| Complete |  0
|  94|0x0000000088600000, 0x0000000088700000, 0x0000000088700000|100%| E|CS|TAMS 0x0000000088600000| PB 0x0000000088600000| Complete |  0
|  95|0x0000000088700000, 0x0000000088800000, 0x0000000088800000|100%| E|CS|TAMS 0x0000000088700000| PB 0x0000000088700000| Complete |  0
|  96|0x0000000088800000, 0x0000000088900000, 0x0000000088900000|100%| E|CS|TAMS 0x0000000088800000| PB 0x0000000088800000| Complete |  0
|  97|0x0000000088900000, 0x0000000088a00000, 0x0000000088a00000|100%| E|CS|TAMS 0x0000000088900000| PB 0x0000000088900000| Complete |  0
|  98|0x0000000088a00000, 0x0000000088b00000, 0x0000000088b00000|100%| E|CS|TAMS 0x0000000088a00000| PB 0x0000000088a00000| Complete |  0
|  99|0x0000000088b00000, 0x0000000088c00000, 0x0000000088c00000|100%| E|CS|TAMS 0x0000000088b00000| PB 0x0000000088b00000| Complete |  0
| 100|0x0000000088c00000, 0x0000000088d00000, 0x0000000088d00000|100%| E|CS|TAMS 0x0000000088c00000| PB 0x0000000088c00000| Complete |  0
| 101|0x0000000088d00000, 0x0000000088e00000, 0x0000000088e00000|100%| E|CS|TAMS 0x0000000088d00000| PB 0x0000000088d00000| Complete |  0
| 102|0x0000000088e00000, 0x0000000088f00000, 0x0000000088f00000|100%| E|CS|TAMS 0x0000000088e00000| PB 0x0000000088e00000| Complete |  0
| 103|0x0000000088f00000, 0x0000000089000000, 0x0000000089000000|100%| E|CS|TAMS 0x0000000088f00000| PB 0x0000000088f00000| Complete |  0
| 104|0x0000000089000000, 0x0000000089100000, 0x0000000089100000|100%| E|CS|TAMS 0x0000000089000000| PB 0x0000000089000000| Complete |  0
| 105|0x0000000089100000, 0x00000000891dd000, 0x0000000089200000| 86%| S|CS|TAMS 0x0000000089100000| PB 0x0000000089100000| Complete |  0
| 106|0x0000000089200000, 0x0000000089300000, 0x0000000089300000|100%| E|CS|TAMS 0x0000000089200000| PB 0x0000000089200000| Complete |  0
| 107|0x0000000089300000, 0x0000000089400000, 0x0000000089400000|100%| E|CS|TAMS 0x0000000089300000| PB 0x0000000089300000| Complete |  0
| 108|0x0000000089400000, 0x0000000089500000, 0x0000000089500000|100%| E|CS|TAMS 0x0000000089400000| PB 0x0000000089400000| Complete |  0
| 109|0x0000000089500000, 0x0000000089600000, 0x0000000089600000|100%| E|CS|TAMS 0x0000000089500000| PB 0x0000000089500000| Complete |  0
| 110|0x0000000089600000, 0x0000000089700000, 0x0000000089700000|100%| E|CS|TAMS 0x0000000089600000| PB 0x0000000089600000| Complete |  0
| 111|0x0000000089700000, 0x0000000089800000, 0x0000000089800000|100%| E|CS|TAMS 0x0000000089700000| PB 0x0000000089700000| Complete |  0
| 112|0x0000000089800000, 0x0000000089900000, 0x0000000089900000|100%| E|CS|TAMS 0x0000000089800000| PB 0x0000000089800000| Complete |  0
| 113|0x0000000089900000, 0x0000000089a00000, 0x0000000089a00000|100%| E|CS|TAMS 0x0000000089900000| PB 0x0000000089900000| Complete |  0
| 114|0x0000000089a00000, 0x0000000089b00000, 0x0000000089b00000|100%| E|CS|TAMS 0x0000000089a00000| PB 0x0000000089a00000| Complete |  0
| 115|0x0000000089b00000, 0x0000000089c00000, 0x0000000089c00000|100%| E|CS|TAMS 0x0000000089b00000| PB 0x0000000089b00000| Complete |  0
| 116|0x0000000089c00000, 0x0000000089d00000, 0x0000000089d00000|100%| E|CS|TAMS 0x0000000089c00000| PB 0x0000000089c00000| Complete |  0
| 117|0x0000000089d00000, 0x0000000089e00000, 0x0000000089e00000|100%| E|CS|TAMS 0x0000000089d00000| PB 0x0000000089d00000| Complete |  0
| 118|0x0000000089e00000, 0x0000000089f00000, 0x0000000089f00000|100%| E|CS|TAMS 0x0000000089e00000| PB 0x0000000089e00000| Complete |  0
| 119|0x0000000089f00000, 0x000000008a000000, 0x000000008a000000|100%| E|CS|TAMS 0x0000000089f00000| PB 0x0000000089f00000| Complete |  0
| 120|0x000000008a000000, 0x000000008a100000, 0x000000008a100000|100%| E|CS|TAMS 0x000000008a000000| PB 0x000000008a000000| Complete |  0
| 121|0x000000008a100000, 0x000000008a200000, 0x000000008a200000|100%| E|CS|TAMS 0x000000008a100000| PB 0x000000008a100000| Complete |  0
| 122|0x000000008a200000, 0x000000008a300000, 0x000000008a300000|100%| E|CS|TAMS 0x000000008a200000| PB 0x000000008a200000| Complete |  0
| 123|0x000000008a300000, 0x000000008a400000, 0x000000008a400000|100%| E|CS|TAMS 0x000000008a300000| PB 0x000000008a300000| Complete |  0
| 124|0x000000008a400000, 0x000000008a500000, 0x000000008a500000|100%| E|CS|TAMS 0x000000008a400000| PB 0x000000008a400000| Complete |  0
| 125|0x000000008a500000, 0x000000008a600000, 0x000000008a600000|100%| E|CS|TAMS 0x000000008a500000| PB 0x000000008a500000| Complete |  0

Card table byte_map: [0x0000021700000000,0x00000217003f0000] _byte_map_base: 0x00000216ffbec000

Marking Bits: (CMBitMap*) 0x00000217668e6950
 Bits: [0x00000217003f0000, 0x0000021702350000)

Polling page: 0x0000021766950000

Metaspace:

Usage:
  Non-class:     12.12 MB used.
      Class:      1.72 MB used.
       Both:     13.84 MB used.

Virtual space:
  Non-class space:       64.00 MB reserved,      12.25 MB ( 19%) committed,  1 nodes.
      Class space:        1.00 GB reserved,       1.81 MB ( <1%) committed,  1 nodes.
             Both:        1.06 GB reserved,      14.06 MB (  1%) committed. 

Chunk freelists:
   Non-Class:  3.03 MB
       Class:  14.00 MB
        Both:  17.03 MB

MaxMetaspaceSize: unlimited
CompressedClassSpaceSize: 1.00 GB
Initial GC threshold: 21.00 MB
Current GC threshold: 21.00 MB
CDS: on
 - commit_granule_bytes: 65536.
 - commit_granule_words: 8192.
 - virtual_space_node_default_size: 8388608.
 - enlarge_chunks_in_place: 1.
 - use_allocation_guard: 0.


Internal statistics:

num_allocs_failed_limit: 0.
num_arena_births: 166.
num_arena_deaths: 0.
num_vsnodes_births: 2.
num_vsnodes_deaths: 0.
num_space_committed: 225.
num_space_uncommitted: 0.
num_chunks_returned_to_freelist: 0.
num_chunks_taken_from_freelist: 628.
num_chunk_merges: 0.
num_chunk_splits: 450.
num_chunks_enlarged: 368.
num_inconsistent_stats: 0.

CodeHeap 'non-profiled nmethods': size=120000Kb used=1019Kb max_used=1019Kb free=118980Kb
 bounds [0x0000021777e80000, 0x00000217780f0000, 0x000002177f3b0000]
CodeHeap 'profiled nmethods': size=120000Kb used=5416Kb max_used=5416Kb free=114583Kb
 bounds [0x00000217703b0000, 0x0000021770900000, 0x00000217778e0000]
CodeHeap 'non-nmethods': size=5760Kb used=1401Kb max_used=1429Kb free=4358Kb
 bounds [0x00000217778e0000, 0x0000021777b50000, 0x0000021777e80000]
 total_blobs=3243 nmethods=2750 adapters=397
 compilation: enabled
              stopped_count=0, restarted_count=0
 full_count=0

Compilation events (20 events):
Event: 3.542 Thread 0x000002174abcafd0 2671       4       java.util.WeakHashMap::hash (28 bytes)
Event: 3.545 Thread 0x000002174abcafd0 nmethod 2671 0x0000021777f7b210 code [0x0000021777f7b3a0, 0x0000021777f7b4e0]
Event: 3.557 Thread 0x000002170482bc70 nmethod 2670 0x0000021777f7b590 code [0x0000021777f7b7e0, 0x0000021777f7bd60]
Event: 3.559 Thread 0x000002174abcafd0 2672       4       java.lang.StringLatin1::canEncode (13 bytes)
Event: 3.560 Thread 0x000002174abcafd0 nmethod 2672 0x0000021777f7c290 code [0x0000021777f7c400, 0x0000021777f7c480]
Event: 3.562 Thread 0x000002170482bc70 2673   !   4       java.net.URL::<init> (543 bytes)
Event: 3.597 Thread 0x000002170482def0 2674   !   3       org.slf4j.impl.SimpleLoggerConfiguration::getStringProperty (28 bytes)
Event: 3.598 Thread 0x000002174abcafd0 2676       4       java.lang.String::<init> (98 bytes)
Event: 3.599 Thread 0x000002170482def0 nmethod 2674 0x00000217708d4890 code [0x00000217708d4a80, 0x00000217708d4f40]
Event: 3.599 Thread 0x000002170482def0 2675       3       java.lang.String::lastIndexOf (10 bytes)
Event: 3.600 Thread 0x000002170482def0 nmethod 2675 0x00000217708d5110 code [0x00000217708d52c0, 0x00000217708d54f8]
Event: 3.600 Thread 0x000002170482def0 2677       3       java.util.concurrent.ConcurrentHashMap$EntryIterator::next (5 bytes)
Event: 3.601 Thread 0x000002170482def0 nmethod 2677 0x00000217708d5610 code [0x00000217708d57c0, 0x00000217708d58f8]
Event: 3.601 Thread 0x000002170482def0 2678       3       java.util.concurrent.ConcurrentHashMap$EntryIterator::next (51 bytes)
Event: 3.602 Thread 0x000002170482def0 nmethod 2678 0x00000217708d5990 code [0x00000217708d5b80, 0x00000217708d6098]
Event: 3.602 Thread 0x000002170482def0 2679       3       java.util.concurrent.ConcurrentHashMap$MapEntry::<init> (20 bytes)
Event: 3.603 Thread 0x000002170482def0 nmethod 2679 0x00000217708d6210 code [0x00000217708d63c0, 0x00000217708d6640]
Event: 3.604 Thread 0x000002170482def0 2680   !   3       com.google.inject.internal.FailableCache$1::load (48 bytes)
Event: 3.606 Thread 0x000002170482def0 nmethod 2680 0x00000217708d6710 code [0x00000217708d6920, 0x00000217708d6f58]
Event: 3.620 Thread 0x000002174abcafd0 nmethod 2676 0x0000021777f7c590 code [0x0000021777f7c740, 0x0000021777f7cd00]

GC Heap History (4 events):
Event: 1.395 GC heap before
{Heap before GC invocations=0 (full 0):
 garbage-first heap   total reserved 2056192K, committed 129024K, used 14336K [0x0000000082800000, 0x0000000100000000)
  region size 1024K, 14 young (14336K), 0 survivors (0K)
 Metaspace       used 3856K, committed 4032K, reserved 1114112K
  class space    used 414K, committed 512K, reserved 1048576K
}
Event: 1.403 GC heap after
{Heap after GC invocations=1 (full 0):
 garbage-first heap   total reserved 2056192K, committed 129024K, used 3285K [0x0000000082800000, 0x0000000100000000)
  region size 1024K, 2 young (2048K), 2 survivors (2048K)
 Metaspace       used 3856K, committed 4032K, reserved 1114112K
  class space    used 414K, committed 512K, reserved 1048576K
}
Event: 2.029 GC heap before
{Heap before GC invocations=1 (full 0):
 garbage-first heap   total reserved 2056192K, committed 129024K, used 21717K [0x0000000082800000, 0x0000000100000000)
  region size 1024K, 20 young (20480K), 2 survivors (2048K)
 Metaspace       used 6453K, committed 6656K, reserved 1114112K
  class space    used 772K, committed 896K, reserved 1048576K
}
Event: 2.037 GC heap after
{Heap after GC invocations=2 (full 0):
 garbage-first heap   total reserved 2056192K, committed 129024K, used 4274K [0x0000000082800000, 0x0000000100000000)
  region size 1024K, 1 young (1024K), 1 survivors (1024K)
 Metaspace       used 6453K, committed 6656K, reserved 1114112K
  class space    used 772K, committed 896K, reserved 1048576K
}

Dll operation events (8 events):
Event: 0.011 Loaded shared library C:\Program Files\Java\jdk-22\bin\java.dll
Event: 0.048 Loaded shared library C:\Program Files\Java\jdk-22\bin\jsvml.dll
Event: 0.077 Loaded shared library C:\Program Files\Java\jdk-22\bin\net.dll
Event: 0.079 Loaded shared library C:\Program Files\Java\jdk-22\bin\nio.dll
Event: 0.083 Loaded shared library C:\Program Files\Java\jdk-22\bin\zip.dll
Event: 0.257 Loaded shared library C:\Program Files\Java\jdk-22\bin\jimage.dll
Event: 0.259 Loaded shared library C:\Users\deepa\Downloads\apache-maven-3.9.10-bin\apache-maven-3.9.10\lib\jansi-native\Windows\x86_64\jansi.dll
Event: 0.284 Loaded shared library C:\Program Files\Java\jdk-22\bin\verify.dll

Deoptimization events (20 events):
Event: 3.419 Thread 0x000002176688f3c0 Uncommon trap: trap_request=0xffffffd6 fr.pc=0x0000021777f6ac74 relative=0x0000000000000ab4
Event: 3.419 Thread 0x000002176688f3c0 Uncommon trap: reason=array_check action=maybe_recompile pc=0x0000021777f6ac74 method=com.google.inject.internal.MoreTypes$ParameterizedTypeImpl.<init>(Ljava/lang/reflect/Type;Ljava/lang/reflect/Type;[Ljava/lang/reflect/Type;)V @ 200 c2
Event: 3.419 Thread 0x000002176688f3c0 DEOPT PACKING pc=0x0000021777f6ac74 sp=0x000000ad63dfad80
Event: 3.419 Thread 0x000002176688f3c0 DEOPT UNPACKING pc=0x00000217779346a2 sp=0x000000ad63dfac98 mode 2
Event: 3.432 Thread 0x000002176688f3c0 Uncommon trap: trap_request=0xffffff45 fr.pc=0x0000021777f70538 relative=0x0000000000000738
Event: 3.432 Thread 0x000002176688f3c0 Uncommon trap: reason=unstable_if action=reinterpret pc=0x0000021777f70538 method=org.eclipse.sisu.inject.InjectorBindings.isAssignableFrom(Lcom/google/inject/TypeLiteral;Lcom/google/inject/Binding;)Z @ 15 c2
Event: 3.432 Thread 0x000002176688f3c0 DEOPT PACKING pc=0x0000021777f70538 sp=0x000000ad63dfdae0
Event: 3.432 Thread 0x000002176688f3c0 DEOPT UNPACKING pc=0x00000217779346a2 sp=0x000000ad63dfdaa0 mode 2
Event: 3.509 Thread 0x000002176688f3c0 Uncommon trap: trap_request=0xffffff45 fr.pc=0x0000021777ee2f5c relative=0x00000000000006fc
Event: 3.509 Thread 0x000002176688f3c0 Uncommon trap: reason=unstable_if action=reinterpret pc=0x0000021777ee2f5c method=sun.nio.cs.StreamDecoder.implRead([CII)I @ 36 c2
Event: 3.509 Thread 0x000002176688f3c0 DEOPT PACKING pc=0x0000021777ee2f5c sp=0x000000ad63dfe4c0
Event: 3.509 Thread 0x000002176688f3c0 DEOPT UNPACKING pc=0x00000217779346a2 sp=0x000000ad63dfe460 mode 2
Event: 3.511 Thread 0x000002176688f3c0 Uncommon trap: trap_request=0x00000259 fr.pc=0x0000021777edb510 relative=0x00000000000000f0
Event: 3.511 Thread 0x000002176688f3c0 Uncommon trap: reason=unloaded action=reinterpret pc=0x0000021777edb510 method=org.codehaus.plexus.util.xml.pull.MXParser.more()C @ 22 c2
Event: 3.511 Thread 0x000002176688f3c0 DEOPT PACKING pc=0x0000021777edb510 sp=0x000000ad63dfe840
Event: 3.511 Thread 0x000002176688f3c0 DEOPT UNPACKING pc=0x00000217779346a2 sp=0x000000ad63dfe7e0 mode 2
Event: 3.613 Thread 0x000002176688f3c0 Uncommon trap: trap_request=0xffffff45 fr.pc=0x0000021777f4cac0 relative=0x0000000000000760
Event: 3.613 Thread 0x000002176688f3c0 Uncommon trap: reason=unstable_if action=reinterpret pc=0x0000021777f4cac0 method=java.util.ArrayList.grow(I)[Ljava/lang/Object; @ 17 c2
Event: 3.613 Thread 0x000002176688f3c0 DEOPT PACKING pc=0x0000021777f4cac0 sp=0x000000ad63dfec70
Event: 3.613 Thread 0x000002176688f3c0 DEOPT UNPACKING pc=0x00000217779346a2 sp=0x000000ad63dfeb08 mode 2

Classes loaded (20 events):
Event: 3.389 Loading class java/security/DrbgParameters$Capability
Event: 3.389 Loading class java/security/DrbgParameters$Capability done
Event: 3.389 Loading class sun/security/provider/MoreDrbgParameters
Event: 3.389 Loading class sun/security/provider/MoreDrbgParameters done
Event: 3.389 Loading class java/security/DrbgParameters
Event: 3.390 Loading class java/security/DrbgParameters done
Event: 3.390 Loading class java/security/DrbgParameters$Instantiation
Event: 3.390 Loading class java/security/DrbgParameters$Instantiation done
Event: 3.390 Loading class sun/security/provider/HashDrbg
Event: 3.390 Loading class sun/security/provider/AbstractHashDrbg
Event: 3.390 Loading class sun/security/provider/AbstractDrbg
Event: 3.390 Loading class sun/security/provider/AbstractDrbg done
Event: 3.390 Loading class sun/security/provider/AbstractHashDrbg done
Event: 3.390 Loading class sun/security/provider/HashDrbg done
Event: 3.390 Loading class sun/security/provider/EntropySource
Event: 3.390 Loading class sun/security/provider/EntropySource done
Event: 3.528 Loading class java/lang/ProcessEnvironment$CheckedKeySet
Event: 3.529 Loading class java/lang/ProcessEnvironment$CheckedKeySet done
Event: 3.571 Loading class java/util/concurrent/ArrayBlockingQueue
Event: 3.590 Loading class java/util/concurrent/ArrayBlockingQueue done

Classes unloaded (0 events):
No events

Classes redefined (0 events):
No events

Internal exceptions (20 events):
Event: 1.458 Thread 0x000002176688f3c0 Exception <a 'java/lang/NoSuchMethodError'{0x000000008a42a750}: 'java.lang.Object java.lang.invoke.DirectMethodHandle$Holder.invokeInterface(java.lang.Object, java.lang.Object)'> (0x000000008a42a750) 
thrown [s\open\src\hotspot\share\interpreter\linkResolver.cpp, line 774]
Event: 1.508 Thread 0x000002176688f3c0 Exception <a 'java/lang/NoSuchMethodError'{0x000000008a4c9d98}: 'int java.lang.invoke.DirectMethodHandle$Holder.invokeStatic(java.lang.Object, java.lang.Object, java.lang.Object, java.lang.Object)'> (0x000000008a4c9d98) 
thrown [s\open\src\hotspot\share\interpreter\linkResolver.cpp, line 774]
Event: 1.509 Thread 0x000002176688f3c0 Exception <a 'java/lang/NoSuchMethodError'{0x000000008a4cda70}: 'java.lang.Object java.lang.invoke.Invokers$Holder.invokeExact_MT(java.lang.Object, java.lang.Object, java.lang.Object, java.lang.Object, java.lang.Object, java.lang.Object)'> (0x000000008a4cda70) 
thrown [s\open\src\hotspot\share\interpreter\linkResolver.cpp, line 774]
Event: 1.512 Thread 0x000002176688f3c0 Exception <a 'java/lang/NoSuchMethodError'{0x000000008a4dc5a0}: 'int java.lang.invoke.DirectMethodHandle$Holder.invokeSpecialIFC(java.lang.Object, java.lang.Object, java.lang.Object, java.lang.Object, java.lang.Object)'> (0x000000008a4dc5a0) 
thrown [s\open\src\hotspot\share\interpreter\linkResolver.cpp, line 774]
Event: 1.594 Thread 0x000002176688f3c0 Exception <a 'java/lang/NoSuchMethodError'{0x000000008a274d60}: 'java.lang.Object java.lang.invoke.DirectMethodHandle$Holder.newInvokeSpecial(java.lang.Object, java.lang.Object, java.lang.Object, java.lang.Object, java.lang.Object)'> (0x000000008a274d60) 
thrown [s\open\src\hotspot\share\interpreter\linkResolver.cpp, line 774]
Event: 1.666 Thread 0x000002176688f3c0 Exception <a 'java/lang/NoSuchMethodError'{0x000000008a18fa20}: 'int java.lang.invoke.DirectMethodHandle$Holder.invokeStaticInit(java.lang.Object, java.lang.Object)'> (0x000000008a18fa20) 
thrown [s\open\src\hotspot\share\interpreter\linkResolver.cpp, line 774]
Event: 1.678 Thread 0x000002176688f3c0 Exception <a 'java/lang/NoClassDefFoundError'{0x000000008a1c7298}: javax/enterprise/inject/Typed> (0x000000008a1c7298) 
thrown [s\open\src\hotspot\share\classfile\systemDictionary.cpp, line 302]
Event: 2.906 Thread 0x000002176688f3c0 Exception <a 'java/lang/NoSuchMethodError'{0x0000000088ca4730}: 'void java.lang.invoke.DirectMethodHandle$Holder.invokeStaticInit(java.lang.Object, java.lang.Object, java.lang.Object)'> (0x0000000088ca4730) 
thrown [s\open\src\hotspot\share\interpreter\linkResolver.cpp, line 774]
Event: 2.913 Thread 0x000002176688f3c0 Exception <a 'java/lang/ExceptionInInitializerError'{0x0000000088cd3580}> (0x0000000088cd3580) 
thrown [s\open\src\hotspot\share\oops\instanceKlass.cpp, line 1247]
Event: 2.927 Thread 0x000002176688f3c0 Exception <a 'java/lang/NoSuchMethodError'{0x0000000088b3dde0}: 'long java.lang.invoke.DirectMethodHandle$Holder.invokeStatic(java.lang.Object, java.lang.Object, int)'> (0x0000000088b3dde0) 
thrown [s\open\src\hotspot\share\interpreter\linkResolver.cpp, line 774]
Event: 2.929 Thread 0x000002176688f3c0 Exception <a 'java/lang/NoSuchMethodError'{0x0000000088b512f8}: 'java.lang.Object java.lang.invoke.DirectMethodHandle$Holder.invokeStatic(java.lang.Object, java.lang.Object, java.lang.Object, java.lang.Object, int)'> (0x0000000088b512f8) 
thrown [s\open\src\hotspot\share\interpreter\linkResolver.cpp, line 774]
Event: 2.930 Thread 0x000002176688f3c0 Exception <a 'java/lang/NoSuchMethodError'{0x0000000088b594b0}: 'java.lang.Object java.lang.invoke.DirectMethodHandle$Holder.invokeSpecial(java.lang.Object, java.lang.Object, java.lang.Object, java.lang.Object, long)'> (0x0000000088b594b0) 
thrown [s\open\src\hotspot\share\interpreter\linkResolver.cpp, line 774]
Event: 2.931 Thread 0x000002176688f3c0 Exception <a 'java/lang/NoSuchMethodError'{0x0000000088b658d0}: 'java.lang.Object java.lang.invoke.DirectMethodHandle$Holder.invokeSpecial(java.lang.Object, java.lang.Object, java.lang.Object, int, java.lang.Object)'> (0x0000000088b658d0) 
thrown [s\open\src\hotspot\share\interpreter\linkResolver.cpp, line 774]
Event: 2.932 Thread 0x000002176688f3c0 Exception <a 'java/lang/NoSuchMethodError'{0x0000000088b6dc00}: 'int java.lang.invoke.DirectMethodHandle$Holder.invokeSpecial(java.lang.Object, java.lang.Object, java.lang.Object, int)'> (0x0000000088b6dc00) 
thrown [s\open\src\hotspot\share\interpreter\linkResolver.cpp, line 774]
Event: 2.935 Thread 0x000002176688f3c0 Implicit null exception at 0x0000021777f003c0 to 0x0000021777f005d8
Event: 2.937 Thread 0x000002176688f3c0 Exception <a 'java/lang/NoSuchMethodError'{0x0000000088b928a8}: 'java.lang.Object java.lang.invoke.Invokers$Holder.invokeExact_MT(java.lang.Object, int, java.lang.Object)'> (0x0000000088b928a8) 
thrown [s\open\src\hotspot\share\interpreter\linkResolver.cpp, line 774]
Event: 3.182 Thread 0x000002176688f3c0 Exception <a 'java/lang/NoSuchMethodError'{0x0000000088382a60}: 'void java.lang.invoke.Invokers$Holder.invokeExact_MT(java.lang.Object, java.lang.Object, java.lang.Object, java.lang.Object)'> (0x0000000088382a60) 
thrown [s\open\src\hotspot\share\interpreter\linkResolver.cpp, line 774]
Event: 3.204 Thread 0x000002176688f3c0 Exception <a 'java/lang/NoClassDefFoundError'{0x0000000088211940}: com/google/inject/servlet/ServletModuleTargetVisitor> (0x0000000088211940) 
thrown [s\open\src\hotspot\share\classfile\systemDictionary.cpp, line 302]
Event: 3.331 Thread 0x000002176688f3c0 Exception <a 'java/lang/NoSuchMethodError'{0x00000000881dab60}: 'void java.lang.invoke.DirectMethodHandle$Holder.invokeVirtual(java.lang.Object, java.lang.Object)'> (0x00000000881dab60) 
thrown [s\open\src\hotspot\share\interpreter\linkResolver.cpp, line 774]
Event: 3.391 Thread 0x000002176688f3c0 Exception <a 'java/lang/NoSuchMethodError'{0x000000008805b030}: 'java.lang.Object java.lang.invoke.DirectMethodHandle$Holder.invokeStaticInit(java.lang.Object, int, int, int, int)'> (0x000000008805b030) 
thrown [s\open\src\hotspot\share\interpreter\linkResolver.cpp, line 774]

ZGC Phase Switch (0 events):
No events

VM Operations (20 events):
Event: 2.919 Executing VM operation: HandshakeAllThreads (Deoptimize)
Event: 2.919 Executing VM operation: HandshakeAllThreads (Deoptimize) done
Event: 2.971 Executing VM operation: HandshakeAllThreads (Deoptimize)
Event: 2.971 Executing VM operation: HandshakeAllThreads (Deoptimize) done
Event: 2.973 Executing VM operation: HandshakeAllThreads (Deoptimize)
Event: 2.973 Executing VM operation: HandshakeAllThreads (Deoptimize) done
Event: 3.042 Executing VM operation: HandshakeAllThreads (Deoptimize)
Event: 3.042 Executing VM operation: HandshakeAllThreads (Deoptimize) done
Event: 3.175 Executing VM operation: HandshakeAllThreads (Deoptimize)
Event: 3.175 Executing VM operation: HandshakeAllThreads (Deoptimize) done
Event: 3.212 Executing VM operation: ICBufferFull
Event: 3.212 Executing VM operation: ICBufferFull done
Event: 3.342 Executing VM operation: HandshakeAllThreads (Deoptimize)
Event: 3.342 Executing VM operation: HandshakeAllThreads (Deoptimize) done
Event: 3.413 Executing VM operation: HandshakeAllThreads (Deoptimize)
Event: 3.413 Executing VM operation: HandshakeAllThreads (Deoptimize) done
Event: 3.513 Executing VM operation: HandshakeAllThreads (Deoptimize)
Event: 3.513 Executing VM operation: HandshakeAllThreads (Deoptimize) done
Event: 3.595 Executing VM operation: HandshakeAllThreads (Deoptimize)
Event: 3.595 Executing VM operation: HandshakeAllThreads (Deoptimize) done

Events (17 events):
Event: 0.028 Thread 0x000002176688f3c0 Thread added: 0x000002176688f3c0
Event: 0.045 Thread 0x0000021704819cf0 Thread added: 0x0000021704819cf0
Event: 0.045 Thread 0x000002170481aa10 Thread added: 0x000002170481aa10
Event: 0.045 Thread 0x0000021704820bd0 Thread added: 0x0000021704820bd0
Event: 0.045 Thread 0x0000021704821c10 Thread added: 0x0000021704821c10
Event: 0.046 Thread 0x0000021704824f60 Thread added: 0x0000021704824f60
Event: 0.046 Thread 0x000002170482ab30 Thread added: 0x000002170482ab30
Event: 0.046 Thread 0x000002170482bc70 Thread added: 0x000002170482bc70
Event: 0.046 Thread 0x000002170482def0 Thread added: 0x000002170482def0
Event: 0.071 Thread 0x0000021704a94ca0 Thread added: 0x0000021704a94ca0
Event: 0.074 Thread 0x0000021704a9ffd0 Thread added: 0x0000021704a9ffd0
Event: 0.254 Thread 0x0000021704d064c0 Thread added: 0x0000021704d064c0
Event: 0.839 Thread 0x0000021704d064c0 Thread exited: 0x0000021704d064c0
Event: 1.692 Thread 0x000002174a74cca0 Thread added: 0x000002174a74cca0
Event: 2.528 Thread 0x000002174a74cca0 Thread exited: 0x000002174a74cca0
Event: 3.055 Thread 0x000002174abcafd0 Thread added: 0x000002174abcafd0
Event: 3.592 Thread 0x000002174b082650 Thread added: 0x000002174b082650


Dynamic libraries:
0x00007ff775810000 - 0x00007ff775820000 	C:\Program Files\Java\jdk-22\bin\java.exe
0x00007ffe13490000 - 0x00007ffe136a7000 	C:\WINDOWS\SYSTEM32\ntdll.dll
0x00007ffde7ac0000 - 0x00007ffde7adb000 	C:\Program Files\Avast Software\Avast\aswhook.dll
0x00007ffe12690000 - 0x00007ffe12754000 	C:\WINDOWS\System32\KERNEL32.DLL
0x00007ffe10910000 - 0x00007ffe10ce3000 	C:\WINDOWS\System32\KERNELBASE.dll
0x00007ffe10580000 - 0x00007ffe10691000 	C:\WINDOWS\System32\ucrtbase.dll
0x00007ffdf2220000 - 0x00007ffdf2237000 	C:\Program Files\Java\jdk-22\bin\jli.dll
0x00007ffdf2200000 - 0x00007ffdf221b000 	C:\Program Files\Java\jdk-22\bin\VCRUNTIME140.dll
0x00007ffe13070000 - 0x00007ffe13121000 	C:\WINDOWS\System32\ADVAPI32.dll
0x00007ffe125e0000 - 0x00007ffe12687000 	C:\WINDOWS\System32\msvcrt.dll
0x00007ffe12fc0000 - 0x00007ffe13067000 	C:\WINDOWS\System32\sechost.dll
0x00007ffe10ef0000 - 0x00007ffe10f18000 	C:\WINDOWS\System32\bcrypt.dll
0x00007ffe12050000 - 0x00007ffe12164000 	C:\WINDOWS\System32\RPCRT4.dll
0x00007ffe11aa0000 - 0x00007ffe11c51000 	C:\WINDOWS\System32\USER32.dll
0x00007ffe110f0000 - 0x00007ffe11116000 	C:\WINDOWS\System32\win32u.dll
0x00007ffe0f6d0000 - 0x00007ffe0f96b000 	C:\WINDOWS\WinSxS\amd64_microsoft.windows.common-controls_6595b64144ccf1df_6.0.22621.5262_none_2712bde373830908\COMCTL32.dll
0x00007ffe129b0000 - 0x00007ffe129d9000 	C:\WINDOWS\System32\GDI32.dll
0x00007ffe10fc0000 - 0x00007ffe110e2000 	C:\WINDOWS\System32\gdi32full.dll
0x00007ffe10f20000 - 0x00007ffe10fba000 	C:\WINDOWS\System32\msvcp_win.dll
0x00007ffe08040000 - 0x00007ffe0804a000 	C:\WINDOWS\SYSTEM32\VERSION.dll
0x00007ffe12000000 - 0x00007ffe12031000 	C:\WINDOWS\System32\IMM32.DLL
0x00007ffe0cf40000 - 0x00007ffe0cf4c000 	C:\Program Files\Java\jdk-22\bin\vcruntime140_1.dll
0x00007ffdc3af0000 - 0x00007ffdc3b7e000 	C:\Program Files\Java\jdk-22\bin\msvcp140.dll
0x00007ffd88690000 - 0x00007ffd893d7000 	C:\Program Files\Java\jdk-22\bin\server\jvm.dll
0x00007ffe12820000 - 0x00007ffe12891000 	C:\WINDOWS\System32\WS2_32.dll
0x00007ffe10460000 - 0x00007ffe104ad000 	C:\WINDOWS\SYSTEM32\POWRPROF.dll
0x00007ffe068d0000 - 0x00007ffe06904000 	C:\WINDOWS\SYSTEM32\WINMM.dll
0x00007ffe10440000 - 0x00007ffe10453000 	C:\WINDOWS\SYSTEM32\UMPDC.dll
0x00007ffe0eed0000 - 0x00007ffe0eee8000 	C:\WINDOWS\SYSTEM32\kernel.appcore.dll
0x00007ffe06880000 - 0x00007ffe0688a000 	C:\Program Files\Java\jdk-22\bin\jimage.dll
0x00007ffe0fdc0000 - 0x00007ffe0fff2000 	C:\WINDOWS\SYSTEM32\DBGHELP.DLL
0x00007ffe11c60000 - 0x00007ffe11ff3000 	C:\WINDOWS\System32\combase.dll
0x00007ffe11120000 - 0x00007ffe111f7000 	C:\WINDOWS\System32\OLEAUT32.dll
0x00007ffe0fb00000 - 0x00007ffe0fb32000 	C:\WINDOWS\SYSTEM32\dbgcore.DLL
0x00007ffe106a0000 - 0x00007ffe1071b000 	C:\WINDOWS\System32\bcryptPrimitives.dll
0x00007ffddeb60000 - 0x00007ffddeb7e000 	C:\Program Files\Java\jdk-22\bin\java.dll
0x00007ffe11200000 - 0x00007ffe11a9d000 	C:\WINDOWS\System32\SHELL32.dll
0x00007ffe10cf0000 - 0x00007ffe10e2f000 	C:\WINDOWS\System32\wintypes.dll
0x00007ffe132a0000 - 0x00007ffe13441000 	C:\WINDOWS\System32\ole32.dll
0x00007ffe0ddd0000 - 0x00007ffe0e6ed000 	C:\WINDOWS\SYSTEM32\windows.storage.dll
0x00007ffe13190000 - 0x00007ffe1329b000 	C:\WINDOWS\System32\SHCORE.dll
0x00007ffe122a0000 - 0x00007ffe12306000 	C:\WINDOWS\System32\shlwapi.dll
0x00007ffe104b0000 - 0x00007ffe104db000 	C:\WINDOWS\SYSTEM32\profapi.dll
0x00007ffdc16c0000 - 0x00007ffdc1797000 	C:\Program Files\Java\jdk-22\bin\jsvml.dll
0x00007ffe06710000 - 0x00007ffe06720000 	C:\Program Files\Java\jdk-22\bin\net.dll
0x00007ffe0f2f0000 - 0x00007ffe0f35a000 	C:\WINDOWS\system32\mswsock.dll
0x00007ffdd6ab0000 - 0x00007ffdd6ac6000 	C:\Program Files\Java\jdk-22\bin\nio.dll
0x00007ffdd42f0000 - 0x00007ffdd4307000 	C:\Program Files\Java\jdk-22\bin\zip.dll
0x00007ffdf4800000 - 0x00007ffdf4824000 	C:\Users\deepa\Downloads\apache-maven-3.9.10-bin\apache-maven-3.9.10\lib\jansi-native\Windows\x86_64\jansi.dll
0x00007ffe067b0000 - 0x00007ffe067c0000 	C:\Program Files\Java\jdk-22\bin\verify.dll

dbghelp: loaded successfully - version: 4.0.5 - missing functions: none
symbol engine: initialized successfully - sym options: 0x614 - pdb path: .;C:\Program Files\Java\jdk-22\bin;C:\WINDOWS\SYSTEM32;C:\Program Files\Avast Software\Avast;C:\WINDOWS\WinSxS\amd64_microsoft.windows.common-controls_6595b64144ccf1df_6.0.22621.5262_none_2712bde373830908;C:\Program Files\Java\jdk-22\bin\server;C:\Users\deepa\Downloads\apache-maven-3.9.10-bin\apache-maven-3.9.10\lib\jansi-native\Windows\x86_64

VM Arguments:
jvm_args: --enable-native-access=ALL-UNNAMED -Dclassworlds.conf=C:\Users\deepa\Downloads\apache-maven-3.9.10-bin\apache-maven-3.9.10\bin\m2.conf -Dmaven.home=C:\Users\deepa\Downloads\apache-maven-3.9.10-bin\apache-maven-3.9.10 -Dlibrary.jansi.path=C:\Users\deepa\Downloads\apache-maven-3.9.10-bin\apache-maven-3.9.10\lib\jansi-native -Dmaven.multiModuleProjectDirectory=C:\Users\deepa\eclipse-workspace\Baniprava\src\A\E_21AutomationFramework 
java_command: org.codehaus.plexus.classworlds.launcher.Launcher clean
java_class_path (initial): C:\Users\deepa\Downloads\apache-maven-3.9.10-bin\apache-maven-3.9.10\boot\plexus-classworlds-2.9.0.jar
Launcher Type: SUN_STANDARD

[Global flags]
     intx CICompilerCount                          = 3                                         {product} {ergonomic}
     uint ConcGCThreads                            = 1                                         {product} {ergonomic}
     uint G1ConcRefinementThreads                  = 4                                         {product} {ergonomic}
   size_t G1HeapRegionSize                         = 1048576                                   {product} {ergonomic}
   size_t InitialHeapSize                          = 132120576                                 {product} {ergonomic}
   size_t MarkStackSize                            = 4194304                                   {product} {ergonomic}
   size_t MaxHeapSize                              = 2105540608                                {product} {ergonomic}
   size_t MaxNewSize                               = 1262485504                                {product} {ergonomic}
   size_t MinHeapDeltaBytes                        = 1048576                                   {product} {ergonomic}
   size_t MinHeapSize                              = 8388608                                   {product} {ergonomic}
    uintx NonNMethodCodeHeapSize                   = 5832780                                {pd product} {ergonomic}
    uintx NonProfiledCodeHeapSize                  = 122912730                              {pd product} {ergonomic}
    uintx ProfiledCodeHeapSize                     = 122912730                              {pd product} {ergonomic}
    uintx ReservedCodeCacheSize                    = 251658240                              {pd product} {ergonomic}
     bool SegmentedCodeCache                       = true                                      {product} {ergonomic}
   size_t SoftMaxHeapSize                          = 2105540608                             {manageable} {ergonomic}
     bool UseCompressedOops                        = true                           {product lp64_product} {ergonomic}
     bool UseG1GC                                  = true                                      {product} {ergonomic}
     bool UseLargePagesIndividualAllocation        = false                                  {pd product} {ergonomic}

Logging:
Log output configuration:
 #0: stdout all=warning uptime,level,tags foldmultilines=false
 #1: stderr all=off uptime,level,tags foldmultilines=false

Environment Variables:
PATH=C:\Program Files (x86)\VMware\VMware Workstation\bin\;D:\oracle\product\10.2.0\db_1\bin;C:\Program Files\Common Files\Oracle\Java\javapath;C:\WINDOWS\system32;C:\WINDOWS;C:\WINDOWS\System32\Wbem;C:\WINDOWS\System32\WindowsPowerShell\v1.0\;C:\WINDOWS\System32\OpenSSH\;C:\Program Files\Java\jdk-22\bin;C:\Users\deepa\Downloads\apache-maven-3.9.10-bin\apache-maven-3.9.10\bin;C:\Users\deepa\AppData\Local\Programs\Python\Python313\Scripts\;C:\Users\deepa\AppData\Local\Programs\Python\Python313\;C:\Users\deepa\AppData\Local\Microsoft\WindowsApps;C:\Users\deepa\AppData\Local\Programs\Microsoft VS Code\bin;C:\Program Files (x86)\MySQL\MySQL Installer for Windows;C:\Program Files\JetBrains\PyCharm 2025.1\bin
USERNAME=deepa
OS=Windows_NT
PROCESSOR_IDENTIFIER=Intel64 Family 6 Model 142 Stepping 12, GenuineIntel
TMP=C:\Users\deepa\AppData\Local\Temp
TEMP=C:\Users\deepa\AppData\Local\Temp




Periodic native trim disabled

---------------  S Y S T E M  ---------------

OS:
 Windows 11 , 64 bit Build 22621 (10.0.22621.5262)
OS uptime: 3 days 0:40 hours

CPU: total 4 (initial active 4) (2 cores per cpu, 2 threads per core) family 6 model 142 stepping 12 microcode 0xea, cx8, cmov, fxsr, ht, mmx, 3dnowpref, sse, sse2, sse3, ssse3, sse4.1, sse4.2, popcnt, lzcnt, tsc, tscinvbit, avx, avx2, aes, erms, clmul, bmi1, bmi2, adx, fma, vzeroupper, clflush, clflushopt, rdtscp, f16c
Processor Information for processor 0
  Max Mhz: 2592, Current Mhz: 1495, Mhz Limit: 2073
Processor Information for processor 1
  Max Mhz: 2592, Current Mhz: 1495, Mhz Limit: 2073
Processor Information for processor 2
  Max Mhz: 2592, Current Mhz: 2093, Mhz Limit: 2073
Processor Information for processor 3
  Max Mhz: 2592, Current Mhz: 1495, Mhz Limit: 2073

Memory: 4k page, system-wide physical 8026M (1822M free)
TotalPageFile size 10074M (AvailPageFile size 3M)
current process WorkingSet (physical memory assigned to process): 124M, peak: 124M
current process commit charge ("private bytes"): 235M, peak: 235M

vm_info: Java HotSpot(TM) 64-Bit Server VM (22.0.1+8-16) for windows-amd64 JRE (22.0.1+8-16), built on 2024-03-12T10:33:16Z by "mach5one" with MS VC++ 17.6 (VS2022)

END.
