#
# There is insufficient memory for the Java Runtime Environment to continue.
# Native memory allocation (mmap) failed to map 65536 bytes. Error detail: Failed to commit metaspace.
# Possible reasons:
#   The system is out of physical RAM or swap space
#   This process is running with CompressedOops enabled, and the Java Heap may be blocking the growth of the native heap
# Possible solutions:
#   Reduce memory load on the system
#   Increase physical memory or swap space
#   Check if swap backing store is full
#   Decrease Java heap size (-Xmx/-Xms)
#   Decrease number of Java threads
#   Decrease Java thread stack sizes (-Xss)
#   Set larger code cache with -XX:ReservedCodeCacheSize=
#   JVM is running with Unscaled Compressed Oops mode in which the Java heap is
#     placed in the first 4GB address space. The Java Heap base address is the
#     maximum limit for the native heap growth. Please use -XX:HeapBaseMinAddress
#     to set the Java Heap base and to place the Java Heap above 4GB virtual address.
# This output file may be truncated or incomplete.
#
#  Out of Memory Error (virtualSpaceNode.cpp:112), pid=21384, tid=10540
#
# JRE version: Java(TM) SE Runtime Environment (22.0.1+8) (build 22.0.1+8-16)
# Java VM: Java HotSpot(TM) 64-Bit Server VM (22.0.1+8-16, mixed mode, tiered, compressed oops, compressed class ptrs, g1 gc, windows-amd64)
# No core dump will be written. Minidumps are not enabled by default on client versions of Windows
#

---------------  S U M M A R Y ------------

Command Line: -Dclassworlds.conf=C:\Users\deepa\Downloads\apache-maven-3.9.10-bin\apache-maven-3.9.10\bin\m2.conf -Dmaven.home=C:\Users\deepa\Downloads\apache-maven-3.9.10-bin\apache-maven-3.9.10 -Dlibrary.jansi.path=C:\Users\deepa\Downloads\apache-maven-3.9.10-bin\apache-maven-3.9.10\lib\jansi-native -Dmaven.multiModuleProjectDirectory=C:\Users\deepa\eclipse-workspace\Baniprava\src\A\E_21AutomationFramework org.codehaus.plexus.classworlds.launcher.Launcher validate

Host: Intel(R) Core(TM) i3-10110U CPU @ 2.10GHz, 4 cores, 7G,  Windows 11 , 64 bit Build 22621 (10.0.22621.5262)
Time: Fri Jun 20 13:41:29 2025 India Standard Time elapsed time: 1.014707 seconds (0d 0h 0m 1s)

---------------  T H R E A D  ---------------

Current thread (0x000001d62e5b5870):  JavaThread "main"             [_thread_in_vm, id=10540, stack(0x0000009ce2e00000,0x0000009ce2f00000) (1024K)]

Stack: [0x0000009ce2e00000,0x0000009ce2f00000]
Native frames: (J=compiled Java code, j=interpreted, Vv=VM code, C=native code)
V  [jvm.dll+0x6e2279]  (no source info available)
V  [jvm.dll+0x874e33]  (no source info available)
V  [jvm.dll+0x87725e]  (no source info available)
V  [jvm.dll+0x877933]  (no source info available)
V  [jvm.dll+0x27fd76]  (no source info available)
V  [jvm.dll+0x870a7e]  (no source info available)
V  [jvm.dll+0x6852e5]  (no source info available)
V  [jvm.dll+0x68534a]  (no source info available)
V  [jvm.dll+0x687b8a]  (no source info available)
V  [jvm.dll+0x2250ac]  (no source info available)
V  [jvm.dll+0x685cfe]  (no source info available)
V  [jvm.dll+0x20fa8b]  (no source info available)
V  [jvm.dll+0x20f46e]  (no source info available)
V  [jvm.dll+0x216203]  (no source info available)
V  [jvm.dll+0x20b4ee]  (no source info available)
V  [jvm.dll+0x5c462f]  (no source info available)
V  [jvm.dll+0x21cc6a]  (no source info available)
V  [jvm.dll+0x7eb6dc]  (no source info available)
V  [jvm.dll+0x7ec776]  (no source info available)
V  [jvm.dll+0x7ecfa0]  (no source info available)
V  [jvm.dll+0x2165ac]  (no source info available)
V  [jvm.dll+0x20b507]  (no source info available)
V  [jvm.dll+0x5c462f]  (no source info available)
V  [jvm.dll+0x21cc6a]  (no source info available)
V  [jvm.dll+0x7eb6dc]  (no source info available)
V  [jvm.dll+0x7ec776]  (no source info available)
V  [jvm.dll+0x7ecd84]  (no source info available)
V  [jvm.dll+0x7eca08]  (no source info available)
V  [jvm.dll+0x26d79b]  (no source info available)
V  [jvm.dll+0x3d9b4e]  (no source info available)
C  0x000001d63de3a9e7  (no source info available)

The last pc belongs to new (printed below).
Java frames: (J=compiled Java code, j=interpreted, Vv=VM code)
j  java.lang.invoke.BoundMethodHandle$Specializer.makeFactory()Ljava/lang/invoke/BoundMethodHandle$Specializer$Factory;+0 java.base@22.0.1
j  java.lang.invoke.BoundMethodHandle$Specializer.makeFactory()Ljava/lang/invoke/ClassSpecializer$Factory;+1 java.base@22.0.1
j  java.lang.invoke.ClassSpecializer.<init>(Ljava/lang/Class;Ljava/lang/Class;Ljava/lang/Class;Ljava/lang/invoke/MethodType;Ljava/lang/invoke/MemberName;Ljava/lang/String;Ljava/util/List;)V+65 java.base@22.0.1
j  java.lang.invoke.BoundMethodHandle$Specializer.<init>()V+32 java.base@22.0.1
j  java.lang.invoke.BoundMethodHandle.<clinit>()V+20 java.base@22.0.1
v  ~StubRoutines::call_stub 0x000001d63de2100d
j  jdk.internal.misc.Unsafe.ensureClassInitialized0(Ljava/lang/Class;)V+0 java.base@22.0.1
j  jdk.internal.misc.Unsafe.ensureClassInitialized(Ljava/lang/Class;)V+14 java.base@22.0.1
j  java.lang.invoke.LambdaForm.createFormsFor(Ljava/lang/invoke/LambdaForm$BasicType;)V+6 java.base@22.0.1
j  java.lang.invoke.LambdaForm.identityForm(Ljava/lang/invoke/LambdaForm$BasicType;)Ljava/lang/invoke/LambdaForm;+18 java.base@22.0.1
j  java.lang.invoke.MethodHandles.makeIdentity(Ljava/lang/Class;)Ljava/lang/invoke/MethodHandle;+10 java.base@22.0.1
j  java.lang.invoke.MethodHandles.identity(Ljava/lang/Class;)Ljava/lang/invoke/MethodHandle;+41 java.base@22.0.1
j  java.lang.invoke.MethodHandles.constant(Ljava/lang/Class;Ljava/lang/Object;)Ljava/lang/invoke/MethodHandle;+80 java.base@22.0.1
j  java.lang.invoke.InnerClassLambdaMetafactory.buildCallSite()Ljava/lang/invoke/CallSite;+103 java.base@22.0.1
j  java.lang.invoke.LambdaMetafactory.metafactory(Ljava/lang/invoke/MethodHandles$Lookup;Ljava/lang/String;Ljava/lang/invoke/MethodType;Ljava/lang/invoke/MethodType;Ljava/lang/invoke/MethodHandle;Ljava/lang/invoke/MethodType;)Ljava/lang/invoke/CallSite;+67 java.base@22.0.1
j  java.lang.invoke.DirectMethodHandle$Holder.invokeStatic(Ljava/lang/Object;Ljava/lang/Object;Ljava/lang/Object;Ljava/lang/Object;Ljava/lang/Object;Ljava/lang/Object;Ljava/lang/Object;)Ljava/lang/Object;+20 java.base@22.0.1
j  java.lang.invoke.Invokers$Holder.invokeExact_MT(Ljava/lang/Object;Ljava/lang/Object;Ljava/lang/Object;Ljava/lang/Object;Ljava/lang/Object;Ljava/lang/Object;Ljava/lang/Object;Ljava/lang/Object;)Ljava/lang/Object;+28 java.base@22.0.1
j  java.lang.invoke.BootstrapMethodInvoker.invoke(Ljava/lang/Class;Ljava/lang/invoke/MethodHandle;Ljava/lang/String;Ljava/lang/Object;Ljava/lang/Object;Ljava/lang/Class;)Ljava/lang/Object;+319 java.base@22.0.1
j  java.lang.invoke.CallSite.makeSite(Ljava/lang/invoke/MethodHandle;Ljava/lang/String;Ljava/lang/invoke/MethodType;Ljava/lang/Object;Ljava/lang/Class;)Ljava/lang/invoke/CallSite;+8 java.base@22.0.1
j  java.lang.invoke.MethodHandleNatives.linkCallSiteImpl(Ljava/lang/Class;Ljava/lang/invoke/MethodHandle;Ljava/lang/String;Ljava/lang/invoke/MethodType;Ljava/lang/Object;[Ljava/lang/Object;)Ljava/lang/invoke/MemberName;+6 java.base@22.0.1
j  java.lang.invoke.MethodHandleNatives.linkCallSite(Ljava/lang/Object;Ljava/lang/Object;Ljava/lang/Object;Ljava/lang/Object;Ljava/lang/Object;[Ljava/lang/Object;)Ljava/lang/invoke/MemberName;+45 java.base@22.0.1
v  ~StubRoutines::call_stub 0x000001d63de2100d
j  org.codehaus.plexus.classworlds.launcher.Configurator.associateRealms()V+18
j  org.codehaus.plexus.classworlds.launcher.Configurator.configure(Ljava/io/InputStream;)V+64
j  org.codehaus.plexus.classworlds.launcher.Launcher.configure(Ljava/io/InputStream;)V+11
j  org.codehaus.plexus.classworlds.launcher.Launcher.mainWithExitCode([Ljava/lang/String;)I+99
j  org.codehaus.plexus.classworlds.launcher.Launcher.main([Ljava/lang/String;)V+1
v  ~StubRoutines::call_stub 0x000001d63de2100d
new  187 new  [0x000001d63de3a860, 0x000001d63de3aa58]  504 bytes
[MachCode]
  0x000001d63de3a860: 4883 ec08 | c5fa 1104 | 24eb 1f48 | 83ec 10c5 | fb11 0424 | eb14 4883 | ec10 4889 | 0424 48c7 
  0x000001d63de3a880: 4424 0800 | 0000 00eb | 0150 410f | b755 010f | cac1 ea10 | 488b 4de8 | 488b 4908 | 488b 4908 
  0x000001d63de3a8a0: 488b 4108 | 807c 1004 | 070f 85c6 | 0000 0066 | 8b54 d148 | 488b 4928 | 488b 4cd1 | 0851 80b9 
  0x000001d63de3a8c0: 2001 0000 | 050f 85a9 | 0000 008b | 5108 f6c2 | 010f 859d | 0000 0049 | 8b87 b801 | 0000 488d 
  0x000001d63de3a8e0: 1c10 493b | 9fc8 0100 | 000f 8785 | 0000 0049 | 899f b801 | 0000 4883 | ea10 0f84 | 0f00 0000 
  0x000001d63de3a900: 33c9 c1ea | 0348 894c | d008 48ff | ca75 f648 | c700 0100 | 0000 5933 | f689 700c | 8948 0849 
  0x000001d63de3a920: ba9d 302d | 89fd 7f00 | 0041 803a | 000f 843c | 0000 0050 | 488b c848 | 83ec 2040 | f6c4 0f0f 
  0x000001d63de3a940: 8419 0000 | 0048 83ec | 0848 b880 | b5dd 88fd | 7f00 00ff | d048 83c4 | 08e9 0c00 | 0000 48b8 
  0x000001d63de3a960: 80b5 dd88 | fd7f 0000 | ffd0 4883 | c420 58e9 | cb00 0000 | 5948 8b55 | e848 8b52 | 0848 8b52 
  0x000001d63de3a980: 0845 0fb7 | 4501 410f | c841 c1e8 | 10e8 0500 | 0000 e9a8 | 0000 0048 | 8d44 2408 | 4c89 6dc0 
  0x000001d63de3a9a0: 498b cfc5 | f877 4989 | afb0 0300 | 0049 8987 | a003 0000 | 4883 ec20 | 40f6 c40f | 0f84 1900 
  0x000001d63de3a9c0: 0000 4883 | ec08 48b8 | 009b a688 | fd7f 0000 | ffd0 4883 | c408 e90c | 0000 0048 | b800 9ba6 
  0x000001d63de3a9e0: 88fd 7f00 | 00ff d048 | 83c4 2049 | c787 a003 | 0000 0000 | 0000 49c7 | 87b0 0300 | 0000 0000 
  0x000001d63de3aa00: 0049 c787 | a803 0000 | 0000 0000 | c5f8 7749 | 837f 0800 | 0f84 0500 | 0000 e9e1 | 64fe ff49 
  0x000001d63de3aa20: 8b87 f803 | 0000 49c7 | 87f8 0300 | 0000 0000 | 004c 8b6d | c04c 8b75 | c84e 8d74 | f500 c341 
  0x000001d63de3aa40: 0fb6 5d03 | 4983 c503 | 49ba f0f9 | 3089 fd7f | 0000 41ff | 24da 6690 
[/MachCode]

---------------  P R O C E S S  ---------------

Threads class SMR info:
_java_thread_list=0x000001d64a77d560, length=11, elements={
0x000001d62e5b5870, 0x000001d64a5ca310, 0x000001d64a5cb3e0, 0x000001d64a5bd4e0,
0x000001d64a5bef50, 0x000001d64a5cc0d0, 0x000001d64a5cfbb0, 0x000001d64a5e8b10,
0x000001d64a5e9e90, 0x000001d64a5ce170, 0x000001d64a5ce800
}

Java Threads: ( => current thread )
=>0x000001d62e5b5870 JavaThread "main"                              [_thread_in_vm, id=10540, stack(0x0000009ce2e00000,0x0000009ce2f00000) (1024K)]
  0x000001d64a5ca310 JavaThread "Reference Handler"          daemon [_thread_blocked, id=4888, stack(0x0000009ce3600000,0x0000009ce3700000) (1024K)]
  0x000001d64a5cb3e0 JavaThread "Finalizer"                  daemon [_thread_blocked, id=6224, stack(0x0000009ce3700000,0x0000009ce3800000) (1024K)]
  0x000001d64a5bd4e0 JavaThread "Signal Dispatcher"          daemon [_thread_blocked, id=24736, stack(0x0000009ce3800000,0x0000009ce3900000) (1024K)]
  0x000001d64a5bef50 JavaThread "Attach Listener"            daemon [_thread_blocked, id=11680, stack(0x0000009ce3900000,0x0000009ce3a00000) (1024K)]
  0x000001d64a5cc0d0 JavaThread "Service Thread"             daemon [_thread_blocked, id=18500, stack(0x0000009ce3a00000,0x0000009ce3b00000) (1024K)]
  0x000001d64a5cfbb0 JavaThread "Monitor Deflation Thread"   daemon [_thread_blocked, id=24856, stack(0x0000009ce3b00000,0x0000009ce3c00000) (1024K)]
  0x000001d64a5e8b10 JavaThread "C2 CompilerThread0"         daemon [_thread_blocked, id=20488, stack(0x0000009ce3c00000,0x0000009ce3d00000) (1024K)]
  0x000001d64a5e9e90 JavaThread "C1 CompilerThread0"         daemon [_thread_blocked, id=15440, stack(0x0000009ce3d00000,0x0000009ce3e00000) (1024K)]
  0x000001d64a5ce170 JavaThread "Notification Thread"        daemon [_thread_blocked, id=13352, stack(0x0000009ce3e00000,0x0000009ce3f00000) (1024K)]
  0x000001d64a5ce800 JavaThread "Common-Cleaner"             daemon [_thread_blocked, id=2264, stack(0x0000009ce3f00000,0x0000009ce4000000) (1024K)]
Total: 11

Other Threads:
  0x000001d64a4e4120 VMThread "VM Thread"                           [id=17528, stack(0x0000009ce3500000,0x0000009ce3600000) (1024K)]
  0x000001d64a4c2af0 WatcherThread "VM Periodic Task Thread"        [id=23344, stack(0x0000009ce3400000,0x0000009ce3500000) (1024K)]
  0x000001d62e6088d0 WorkerThread "GC Thread#0"                     [id=23980, stack(0x0000009ce2f00000,0x0000009ce3000000) (1024K)]
  0x000001d62e619570 ConcurrentGCThread "G1 Main Marker"            [id=7784, stack(0x0000009ce3000000,0x0000009ce3100000) (1024K)]
  0x000001d62e61a820 WorkerThread "G1 Conc#0"                       [id=20544, stack(0x0000009ce3100000,0x0000009ce3200000) (1024K)]
  0x000001d62e66e740 ConcurrentGCThread "G1 Refine#0"               [id=11144, stack(0x0000009ce3200000,0x0000009ce3300000) (1024K)]
  0x000001d64a396850 ConcurrentGCThread "G1 Service"                [id=20916, stack(0x0000009ce3300000,0x0000009ce3400000) (1024K)]
Total: 7

Threads with active compile tasks:
Total: 0

VM state: not at safepoint (normal execution)

VM Mutex/Monitor currently owned by a thread:  ([mutex/lock_event])
[0x00007ffd892f9b38] Metaspace_lock - owner thread: 0x000001d62e5b5870

Heap address: 0x0000000082800000, size: 2008 MB, Compressed Oops mode: 32-bit

CDS archive(s) not mapped
Compressed class space mapped at: 0x0000000028000000-0x0000000068000000, reserved size: 1073741824
Narrow klass base: 0x0000000000000000, Narrow klass shift: 0, Narrow klass range: 0x68000000

GC Precious Log:
 CardTable entry size: 512
 Card Set container configuration: InlinePtr #cards 5 size 8 Array Of Cards #cards 12 size 40 Howl #buckets 4 coarsen threshold 1843 Howl Bitmap #cards 512 size 80 coarsen threshold 460 Card regions per heap region 1 cards per card region 2048
 CPUs: 4 total, 4 available
 Memory: 8026M
 Large Page Support: Disabled
 NUMA Support: Disabled
 Compressed Oops: Enabled (32-bit)
 Heap Region Size: 1M
 Heap Min Capacity: 8M
 Heap Initial Capacity: 126M
 Heap Max Capacity: 2008M
 Pre-touch: Disabled
 Parallel Workers: 4
 Concurrent Workers: 1
 Concurrent Refinement Workers: 4
 Periodic GC: Disabled

Heap:
 garbage-first heap   total reserved 2056192K, committed 129024K, used 2048K [0x0000000082800000, 0x0000000100000000)
  region size 1024K, 3 young (3072K), 0 survivors (0K)
 Metaspace       used 6561K, committed 6720K, reserved 1114112K
  class space    used 543K, committed 640K, reserved 1048576K

Heap Regions: E=young(eden), S=young(survivor), O=old, HS=humongous(starts), HC=humongous(continues), CS=collection set, F=free, TAMS=top-at-mark-start, PB=parsable bottom
|   0|0x0000000082800000, 0x0000000082800000, 0x0000000082900000|  0%| F|  |TAMS 0x0000000082800000| PB 0x0000000082800000| Untracked |  0
|   1|0x0000000082900000, 0x0000000082900000, 0x0000000082a00000|  0%| F|  |TAMS 0x0000000082900000| PB 0x0000000082900000| Untracked |  0
|   2|0x0000000082a00000, 0x0000000082a00000, 0x0000000082b00000|  0%| F|  |TAMS 0x0000000082a00000| PB 0x0000000082a00000| Untracked |  0
|   3|0x0000000082b00000, 0x0000000082b00000, 0x0000000082c00000|  0%| F|  |TAMS 0x0000000082b00000| PB 0x0000000082b00000| Untracked |  0
|   4|0x0000000082c00000, 0x0000000082c00000, 0x0000000082d00000|  0%| F|  |TAMS 0x0000000082c00000| PB 0x0000000082c00000| Untracked |  0
|   5|0x0000000082d00000, 0x0000000082d00000, 0x0000000082e00000|  0%| F|  |TAMS 0x0000000082d00000| PB 0x0000000082d00000| Untracked |  0
|   6|0x0000000082e00000, 0x0000000082e00000, 0x0000000082f00000|  0%| F|  |TAMS 0x0000000082e00000| PB 0x0000000082e00000| Untracked |  0
|   7|0x0000000082f00000, 0x0000000082f00000, 0x0000000083000000|  0%| F|  |TAMS 0x0000000082f00000| PB 0x0000000082f00000| Untracked |  0
|   8|0x0000000083000000, 0x0000000083000000, 0x0000000083100000|  0%| F|  |TAMS 0x0000000083000000| PB 0x0000000083000000| Untracked |  0
|   9|0x0000000083100000, 0x0000000083100000, 0x0000000083200000|  0%| F|  |TAMS 0x0000000083100000| PB 0x0000000083100000| Untracked |  0
|  10|0x0000000083200000, 0x0000000083200000, 0x0000000083300000|  0%| F|  |TAMS 0x0000000083200000| PB 0x0000000083200000| Untracked |  0
|  11|0x0000000083300000, 0x0000000083300000, 0x0000000083400000|  0%| F|  |TAMS 0x0000000083300000| PB 0x0000000083300000| Untracked |  0
|  12|0x0000000083400000, 0x0000000083400000, 0x0000000083500000|  0%| F|  |TAMS 0x0000000083400000| PB 0x0000000083400000| Untracked |  0
|  13|0x0000000083500000, 0x0000000083500000, 0x0000000083600000|  0%| F|  |TAMS 0x0000000083500000| PB 0x0000000083500000| Untracked |  0
|  14|0x0000000083600000, 0x0000000083600000, 0x0000000083700000|  0%| F|  |TAMS 0x0000000083600000| PB 0x0000000083600000| Untracked |  0
|  15|0x0000000083700000, 0x0000000083700000, 0x0000000083800000|  0%| F|  |TAMS 0x0000000083700000| PB 0x0000000083700000| Untracked |  0
|  16|0x0000000083800000, 0x0000000083800000, 0x0000000083900000|  0%| F|  |TAMS 0x0000000083800000| PB 0x0000000083800000| Untracked |  0
|  17|0x0000000083900000, 0x0000000083900000, 0x0000000083a00000|  0%| F|  |TAMS 0x0000000083900000| PB 0x0000000083900000| Untracked |  0
|  18|0x0000000083a00000, 0x0000000083a00000, 0x0000000083b00000|  0%| F|  |TAMS 0x0000000083a00000| PB 0x0000000083a00000| Untracked |  0
|  19|0x0000000083b00000, 0x0000000083b00000, 0x0000000083c00000|  0%| F|  |TAMS 0x0000000083b00000| PB 0x0000000083b00000| Untracked |  0
|  20|0x0000000083c00000, 0x0000000083c00000, 0x0000000083d00000|  0%| F|  |TAMS 0x0000000083c00000| PB 0x0000000083c00000| Untracked |  0
|  21|0x0000000083d00000, 0x0000000083d00000, 0x0000000083e00000|  0%| F|  |TAMS 0x0000000083d00000| PB 0x0000000083d00000| Untracked |  0
|  22|0x0000000083e00000, 0x0000000083e00000, 0x0000000083f00000|  0%| F|  |TAMS 0x0000000083e00000| PB 0x0000000083e00000| Untracked |  0
|  23|0x0000000083f00000, 0x0000000083f00000, 0x0000000084000000|  0%| F|  |TAMS 0x0000000083f00000| PB 0x0000000083f00000| Untracked |  0
|  24|0x0000000084000000, 0x0000000084000000, 0x0000000084100000|  0%| F|  |TAMS 0x0000000084000000| PB 0x0000000084000000| Untracked |  0
|  25|0x0000000084100000, 0x0000000084100000, 0x0000000084200000|  0%| F|  |TAMS 0x0000000084100000| PB 0x0000000084100000| Untracked |  0
|  26|0x0000000084200000, 0x0000000084200000, 0x0000000084300000|  0%| F|  |TAMS 0x0000000084200000| PB 0x0000000084200000| Untracked |  0
|  27|0x0000000084300000, 0x0000000084300000, 0x0000000084400000|  0%| F|  |TAMS 0x0000000084300000| PB 0x0000000084300000| Untracked |  0
|  28|0x0000000084400000, 0x0000000084400000, 0x0000000084500000|  0%| F|  |TAMS 0x0000000084400000| PB 0x0000000084400000| Untracked |  0
|  29|0x0000000084500000, 0x0000000084500000, 0x0000000084600000|  0%| F|  |TAMS 0x0000000084500000| PB 0x0000000084500000| Untracked |  0
|  30|0x0000000084600000, 0x0000000084600000, 0x0000000084700000|  0%| F|  |TAMS 0x0000000084600000| PB 0x0000000084600000| Untracked |  0
|  31|0x0000000084700000, 0x0000000084700000, 0x0000000084800000|  0%| F|  |TAMS 0x0000000084700000| PB 0x0000000084700000| Untracked |  0
|  32|0x0000000084800000, 0x0000000084800000, 0x0000000084900000|  0%| F|  |TAMS 0x0000000084800000| PB 0x0000000084800000| Untracked |  0
|  33|0x0000000084900000, 0x0000000084900000, 0x0000000084a00000|  0%| F|  |TAMS 0x0000000084900000| PB 0x0000000084900000| Untracked |  0
|  34|0x0000000084a00000, 0x0000000084a00000, 0x0000000084b00000|  0%| F|  |TAMS 0x0000000084a00000| PB 0x0000000084a00000| Untracked |  0
|  35|0x0000000084b00000, 0x0000000084b00000, 0x0000000084c00000|  0%| F|  |TAMS 0x0000000084b00000| PB 0x0000000084b00000| Untracked |  0
|  36|0x0000000084c00000, 0x0000000084c00000, 0x0000000084d00000|  0%| F|  |TAMS 0x0000000084c00000| PB 0x0000000084c00000| Untracked |  0
|  37|0x0000000084d00000, 0x0000000084d00000, 0x0000000084e00000|  0%| F|  |TAMS 0x0000000084d00000| PB 0x0000000084d00000| Untracked |  0
|  38|0x0000000084e00000, 0x0000000084e00000, 0x0000000084f00000|  0%| F|  |TAMS 0x0000000084e00000| PB 0x0000000084e00000| Untracked |  0
|  39|0x0000000084f00000, 0x0000000084f00000, 0x0000000085000000|  0%| F|  |TAMS 0x0000000084f00000| PB 0x0000000084f00000| Untracked |  0
|  40|0x0000000085000000, 0x0000000085000000, 0x0000000085100000|  0%| F|  |TAMS 0x0000000085000000| PB 0x0000000085000000| Untracked |  0
|  41|0x0000000085100000, 0x0000000085100000, 0x0000000085200000|  0%| F|  |TAMS 0x0000000085100000| PB 0x0000000085100000| Untracked |  0
|  42|0x0000000085200000, 0x0000000085200000, 0x0000000085300000|  0%| F|  |TAMS 0x0000000085200000| PB 0x0000000085200000| Untracked |  0
|  43|0x0000000085300000, 0x0000000085300000, 0x0000000085400000|  0%| F|  |TAMS 0x0000000085300000| PB 0x0000000085300000| Untracked |  0
|  44|0x0000000085400000, 0x0000000085400000, 0x0000000085500000|  0%| F|  |TAMS 0x0000000085400000| PB 0x0000000085400000| Untracked |  0
|  45|0x0000000085500000, 0x0000000085500000, 0x0000000085600000|  0%| F|  |TAMS 0x0000000085500000| PB 0x0000000085500000| Untracked |  0
|  46|0x0000000085600000, 0x0000000085600000, 0x0000000085700000|  0%| F|  |TAMS 0x0000000085600000| PB 0x0000000085600000| Untracked |  0
|  47|0x0000000085700000, 0x0000000085700000, 0x0000000085800000|  0%| F|  |TAMS 0x0000000085700000| PB 0x0000000085700000| Untracked |  0
|  48|0x0000000085800000, 0x0000000085800000, 0x0000000085900000|  0%| F|  |TAMS 0x0000000085800000| PB 0x0000000085800000| Untracked |  0
|  49|0x0000000085900000, 0x0000000085900000, 0x0000000085a00000|  0%| F|  |TAMS 0x0000000085900000| PB 0x0000000085900000| Untracked |  0
|  50|0x0000000085a00000, 0x0000000085a00000, 0x0000000085b00000|  0%| F|  |TAMS 0x0000000085a00000| PB 0x0000000085a00000| Untracked |  0
|  51|0x0000000085b00000, 0x0000000085b00000, 0x0000000085c00000|  0%| F|  |TAMS 0x0000000085b00000| PB 0x0000000085b00000| Untracked |  0
|  52|0x0000000085c00000, 0x0000000085c00000, 0x0000000085d00000|  0%| F|  |TAMS 0x0000000085c00000| PB 0x0000000085c00000| Untracked |  0
|  53|0x0000000085d00000, 0x0000000085d00000, 0x0000000085e00000|  0%| F|  |TAMS 0x0000000085d00000| PB 0x0000000085d00000| Untracked |  0
|  54|0x0000000085e00000, 0x0000000085e00000, 0x0000000085f00000|  0%| F|  |TAMS 0x0000000085e00000| PB 0x0000000085e00000| Untracked |  0
|  55|0x0000000085f00000, 0x0000000085f00000, 0x0000000086000000|  0%| F|  |TAMS 0x0000000085f00000| PB 0x0000000085f00000| Untracked |  0
|  56|0x0000000086000000, 0x0000000086000000, 0x0000000086100000|  0%| F|  |TAMS 0x0000000086000000| PB 0x0000000086000000| Untracked |  0
|  57|0x0000000086100000, 0x0000000086100000, 0x0000000086200000|  0%| F|  |TAMS 0x0000000086100000| PB 0x0000000086100000| Untracked |  0
|  58|0x0000000086200000, 0x0000000086200000, 0x0000000086300000|  0%| F|  |TAMS 0x0000000086200000| PB 0x0000000086200000| Untracked |  0
|  59|0x0000000086300000, 0x0000000086300000, 0x0000000086400000|  0%| F|  |TAMS 0x0000000086300000| PB 0x0000000086300000| Untracked |  0
|  60|0x0000000086400000, 0x0000000086400000, 0x0000000086500000|  0%| F|  |TAMS 0x0000000086400000| PB 0x0000000086400000| Untracked |  0
|  61|0x0000000086500000, 0x0000000086500000, 0x0000000086600000|  0%| F|  |TAMS 0x0000000086500000| PB 0x0000000086500000| Untracked |  0
|  62|0x0000000086600000, 0x0000000086600000, 0x0000000086700000|  0%| F|  |TAMS 0x0000000086600000| PB 0x0000000086600000| Untracked |  0
|  63|0x0000000086700000, 0x0000000086700000, 0x0000000086800000|  0%| F|  |TAMS 0x0000000086700000| PB 0x0000000086700000| Untracked |  0
|  64|0x0000000086800000, 0x0000000086800000, 0x0000000086900000|  0%| F|  |TAMS 0x0000000086800000| PB 0x0000000086800000| Untracked |  0
|  65|0x0000000086900000, 0x0000000086900000, 0x0000000086a00000|  0%| F|  |TAMS 0x0000000086900000| PB 0x0000000086900000| Untracked |  0
|  66|0x0000000086a00000, 0x0000000086a00000, 0x0000000086b00000|  0%| F|  |TAMS 0x0000000086a00000| PB 0x0000000086a00000| Untracked |  0
|  67|0x0000000086b00000, 0x0000000086b00000, 0x0000000086c00000|  0%| F|  |TAMS 0x0000000086b00000| PB 0x0000000086b00000| Untracked |  0
|  68|0x0000000086c00000, 0x0000000086c00000, 0x0000000086d00000|  0%| F|  |TAMS 0x0000000086c00000| PB 0x0000000086c00000| Untracked |  0
|  69|0x0000000086d00000, 0x0000000086d00000, 0x0000000086e00000|  0%| F|  |TAMS 0x0000000086d00000| PB 0x0000000086d00000| Untracked |  0
|  70|0x0000000086e00000, 0x0000000086e00000, 0x0000000086f00000|  0%| F|  |TAMS 0x0000000086e00000| PB 0x0000000086e00000| Untracked |  0
|  71|0x0000000086f00000, 0x0000000086f00000, 0x0000000087000000|  0%| F|  |TAMS 0x0000000086f00000| PB 0x0000000086f00000| Untracked |  0
|  72|0x0000000087000000, 0x0000000087000000, 0x0000000087100000|  0%| F|  |TAMS 0x0000000087000000| PB 0x0000000087000000| Untracked |  0
|  73|0x0000000087100000, 0x0000000087100000, 0x0000000087200000|  0%| F|  |TAMS 0x0000000087100000| PB 0x0000000087100000| Untracked |  0
|  74|0x0000000087200000, 0x0000000087200000, 0x0000000087300000|  0%| F|  |TAMS 0x0000000087200000| PB 0x0000000087200000| Untracked |  0
|  75|0x0000000087300000, 0x0000000087300000, 0x0000000087400000|  0%| F|  |TAMS 0x0000000087300000| PB 0x0000000087300000| Untracked |  0
|  76|0x0000000087400000, 0x0000000087400000, 0x0000000087500000|  0%| F|  |TAMS 0x0000000087400000| PB 0x0000000087400000| Untracked |  0
|  77|0x0000000087500000, 0x0000000087500000, 0x0000000087600000|  0%| F|  |TAMS 0x0000000087500000| PB 0x0000000087500000| Untracked |  0
|  78|0x0000000087600000, 0x0000000087600000, 0x0000000087700000|  0%| F|  |TAMS 0x0000000087600000| PB 0x0000000087600000| Untracked |  0
|  79|0x0000000087700000, 0x0000000087700000, 0x0000000087800000|  0%| F|  |TAMS 0x0000000087700000| PB 0x0000000087700000| Untracked |  0
|  80|0x0000000087800000, 0x0000000087800000, 0x0000000087900000|  0%| F|  |TAMS 0x0000000087800000| PB 0x0000000087800000| Untracked |  0
|  81|0x0000000087900000, 0x0000000087900000, 0x0000000087a00000|  0%| F|  |TAMS 0x0000000087900000| PB 0x0000000087900000| Untracked |  0
|  82|0x0000000087a00000, 0x0000000087a00000, 0x0000000087b00000|  0%| F|  |TAMS 0x0000000087a00000| PB 0x0000000087a00000| Untracked |  0
|  83|0x0000000087b00000, 0x0000000087b00000, 0x0000000087c00000|  0%| F|  |TAMS 0x0000000087b00000| PB 0x0000000087b00000| Untracked |  0
|  84|0x0000000087c00000, 0x0000000087c00000, 0x0000000087d00000|  0%| F|  |TAMS 0x0000000087c00000| PB 0x0000000087c00000| Untracked |  0
|  85|0x0000000087d00000, 0x0000000087d00000, 0x0000000087e00000|  0%| F|  |TAMS 0x0000000087d00000| PB 0x0000000087d00000| Untracked |  0
|  86|0x0000000087e00000, 0x0000000087e00000, 0x0000000087f00000|  0%| F|  |TAMS 0x0000000087e00000| PB 0x0000000087e00000| Untracked |  0
|  87|0x0000000087f00000, 0x0000000087f00000, 0x0000000088000000|  0%| F|  |TAMS 0x0000000087f00000| PB 0x0000000087f00000| Untracked |  0
|  88|0x0000000088000000, 0x0000000088000000, 0x0000000088100000|  0%| F|  |TAMS 0x0000000088000000| PB 0x0000000088000000| Untracked |  0
|  89|0x0000000088100000, 0x0000000088100000, 0x0000000088200000|  0%| F|  |TAMS 0x0000000088100000| PB 0x0000000088100000| Untracked |  0
|  90|0x0000000088200000, 0x0000000088200000, 0x0000000088300000|  0%| F|  |TAMS 0x0000000088200000| PB 0x0000000088200000| Untracked |  0
|  91|0x0000000088300000, 0x0000000088300000, 0x0000000088400000|  0%| F|  |TAMS 0x0000000088300000| PB 0x0000000088300000| Untracked |  0
|  92|0x0000000088400000, 0x0000000088400000, 0x0000000088500000|  0%| F|  |TAMS 0x0000000088400000| PB 0x0000000088400000| Untracked |  0
|  93|0x0000000088500000, 0x0000000088500000, 0x0000000088600000|  0%| F|  |TAMS 0x0000000088500000| PB 0x0000000088500000| Untracked |  0
|  94|0x0000000088600000, 0x0000000088600000, 0x0000000088700000|  0%| F|  |TAMS 0x0000000088600000| PB 0x0000000088600000| Untracked |  0
|  95|0x0000000088700000, 0x0000000088700000, 0x0000000088800000|  0%| F|  |TAMS 0x0000000088700000| PB 0x0000000088700000| Untracked |  0
|  96|0x0000000088800000, 0x0000000088800000, 0x0000000088900000|  0%| F|  |TAMS 0x0000000088800000| PB 0x0000000088800000| Untracked |  0
|  97|0x0000000088900000, 0x0000000088900000, 0x0000000088a00000|  0%| F|  |TAMS 0x0000000088900000| PB 0x0000000088900000| Untracked |  0
|  98|0x0000000088a00000, 0x0000000088a00000, 0x0000000088b00000|  0%| F|  |TAMS 0x0000000088a00000| PB 0x0000000088a00000| Untracked |  0
|  99|0x0000000088b00000, 0x0000000088b00000, 0x0000000088c00000|  0%| F|  |TAMS 0x0000000088b00000| PB 0x0000000088b00000| Untracked |  0
| 100|0x0000000088c00000, 0x0000000088c00000, 0x0000000088d00000|  0%| F|  |TAMS 0x0000000088c00000| PB 0x0000000088c00000| Untracked |  0
| 101|0x0000000088d00000, 0x0000000088d00000, 0x0000000088e00000|  0%| F|  |TAMS 0x0000000088d00000| PB 0x0000000088d00000| Untracked |  0
| 102|0x0000000088e00000, 0x0000000088e00000, 0x0000000088f00000|  0%| F|  |TAMS 0x0000000088e00000| PB 0x0000000088e00000| Untracked |  0
| 103|0x0000000088f00000, 0x0000000088f00000, 0x0000000089000000|  0%| F|  |TAMS 0x0000000088f00000| PB 0x0000000088f00000| Untracked |  0
| 104|0x0000000089000000, 0x0000000089000000, 0x0000000089100000|  0%| F|  |TAMS 0x0000000089000000| PB 0x0000000089000000| Untracked |  0
| 105|0x0000000089100000, 0x0000000089100000, 0x0000000089200000|  0%| F|  |TAMS 0x0000000089100000| PB 0x0000000089100000| Untracked |  0
| 106|0x0000000089200000, 0x0000000089200000, 0x0000000089300000|  0%| F|  |TAMS 0x0000000089200000| PB 0x0000000089200000| Untracked |  0
| 107|0x0000000089300000, 0x0000000089300000, 0x0000000089400000|  0%| F|  |TAMS 0x0000000089300000| PB 0x0000000089300000| Untracked |  0
| 108|0x0000000089400000, 0x0000000089400000, 0x0000000089500000|  0%| F|  |TAMS 0x0000000089400000| PB 0x0000000089400000| Untracked |  0
| 109|0x0000000089500000, 0x0000000089500000, 0x0000000089600000|  0%| F|  |TAMS 0x0000000089500000| PB 0x0000000089500000| Untracked |  0
| 110|0x0000000089600000, 0x0000000089600000, 0x0000000089700000|  0%| F|  |TAMS 0x0000000089600000| PB 0x0000000089600000| Untracked |  0
| 111|0x0000000089700000, 0x0000000089700000, 0x0000000089800000|  0%| F|  |TAMS 0x0000000089700000| PB 0x0000000089700000| Untracked |  0
| 112|0x0000000089800000, 0x0000000089800000, 0x0000000089900000|  0%| F|  |TAMS 0x0000000089800000| PB 0x0000000089800000| Untracked |  0
| 113|0x0000000089900000, 0x0000000089900000, 0x0000000089a00000|  0%| F|  |TAMS 0x0000000089900000| PB 0x0000000089900000| Untracked |  0
| 114|0x0000000089a00000, 0x0000000089a00000, 0x0000000089b00000|  0%| F|  |TAMS 0x0000000089a00000| PB 0x0000000089a00000| Untracked |  0
| 115|0x0000000089b00000, 0x0000000089b00000, 0x0000000089c00000|  0%| F|  |TAMS 0x0000000089b00000| PB 0x0000000089b00000| Untracked |  0
| 116|0x0000000089c00000, 0x0000000089c00000, 0x0000000089d00000|  0%| F|  |TAMS 0x0000000089c00000| PB 0x0000000089c00000| Untracked |  0
| 117|0x0000000089d00000, 0x0000000089d00000, 0x0000000089e00000|  0%| F|  |TAMS 0x0000000089d00000| PB 0x0000000089d00000| Untracked |  0
| 118|0x0000000089e00000, 0x0000000089e00000, 0x0000000089f00000|  0%| F|  |TAMS 0x0000000089e00000| PB 0x0000000089e00000| Untracked |  0
| 119|0x0000000089f00000, 0x0000000089f00000, 0x000000008a000000|  0%| F|  |TAMS 0x0000000089f00000| PB 0x0000000089f00000| Untracked |  0
| 120|0x000000008a000000, 0x000000008a000000, 0x000000008a100000|  0%| F|  |TAMS 0x000000008a000000| PB 0x000000008a000000| Untracked |  0
| 121|0x000000008a100000, 0x000000008a100000, 0x000000008a200000|  0%| F|  |TAMS 0x000000008a100000| PB 0x000000008a100000| Untracked |  0
| 122|0x000000008a200000, 0x000000008a200000, 0x000000008a300000|  0%| F|  |TAMS 0x000000008a200000| PB 0x000000008a200000| Untracked |  0
| 123|0x000000008a300000, 0x000000008a347b50, 0x000000008a400000| 28%| E|  |TAMS 0x000000008a300000| PB 0x000000008a300000| Complete |  0
| 124|0x000000008a400000, 0x000000008a500000, 0x000000008a500000|100%| E|CS|TAMS 0x000000008a400000| PB 0x000000008a400000| Complete |  0
| 125|0x000000008a500000, 0x000000008a600000, 0x000000008a600000|100%| E|CS|TAMS 0x000000008a500000| PB 0x000000008a500000| Complete |  0

Card table byte_map: [0x000001d645ce0000,0x000001d6460d0000] _byte_map_base: 0x000001d6458cc000

Marking Bits: (CMBitMap*) 0x000001d62e608fe0
 Bits: [0x000001d6460d0000, 0x000001d648030000)

Polling page: 0x000001d62c540000

Metaspace:

Usage:
  Non-class:      5.88 MB used.
      Class:    543.53 KB used.
       Both:      6.41 MB used.

Virtual space:
  Non-class space:       64.00 MB reserved,       5.94 MB (  9%) committed,  1 nodes.
      Class space:        1.00 GB reserved,     640.00 KB ( <1%) committed,  1 nodes.
             Both:        1.06 GB reserved,       6.56 MB ( <1%) committed. 

Chunk freelists:
   Non-Class:  10.06 MB
       Class:  15.25 MB
        Both:  25.31 MB

MaxMetaspaceSize: unlimited
CompressedClassSpaceSize: 1.00 GB
Initial GC threshold: 21.00 MB
Current GC threshold: 21.00 MB
CDS: off
 - commit_granule_bytes: 65536.
 - commit_granule_words: 8192.
 - virtual_space_node_default_size: 8388608.
 - enlarge_chunks_in_place: 1.
 - use_allocation_guard: 0.


Internal statistics:

num_allocs_failed_limit: 0.
num_arena_births: 8.
num_arena_deaths: 0.
num_vsnodes_births: 2.
num_vsnodes_deaths: 0.
num_space_committed: 105.
num_space_uncommitted: 0.
num_chunks_returned_to_freelist: 0.
num_chunks_taken_from_freelist: 24.
num_chunk_merges: 0.
num_chunk_splits: 11.
num_chunks_enlarged: 8.
num_inconsistent_stats: 0.

CodeHeap 'non-profiled nmethods': size=120000Kb used=37Kb max_used=37Kb free=119962Kb
 bounds [0x000001d63e3c0000, 0x000001d63e630000, 0x000001d6458f0000]
CodeHeap 'profiled nmethods': size=120000Kb used=183Kb max_used=183Kb free=119816Kb
 bounds [0x000001d6368f0000, 0x000001d636b60000, 0x000001d63de20000]
CodeHeap 'non-nmethods': size=5760Kb used=1292Kb max_used=1306Kb free=4467Kb
 bounds [0x000001d63de20000, 0x000001d63e090000, 0x000001d63e3c0000]
 total_blobs=559 nmethods=152 adapters=312
 compilation: enabled
              stopped_count=0, restarted_count=0
 full_count=0

Compilation events (20 events):
Event: 0.899 Thread 0x000001d64a5e9e90 nmethod 137 0x000001d63691af10 code [0x000001d63691b0e0, 0x000001d63691b578]
Event: 0.900 Thread 0x000001d64a5e8b10 nmethod 139 0x000001d63e3c7a90 code [0x000001d63e3c7c20, 0x000001d63e3c7e48]
Event: 0.900 Thread 0x000001d64a5e8b10  140       4       java.lang.String::indexOf (37 bytes)
Event: 0.900 Thread 0x000001d64a5e9e90  141       1       java.lang.module.ModuleDescriptor::isOpen (5 bytes)
Event: 0.900 Thread 0x000001d64a5e9e90 nmethod 141 0x000001d63e3c7f90 code [0x000001d63e3c8120, 0x000001d63e3c81f0]
Event: 0.900 Thread 0x000001d64a5e9e90  142       3       java.lang.ref.ReferenceQueue::headIsNull (13 bytes)
Event: 0.901 Thread 0x000001d64a5e9e90 nmethod 142 0x000001d63691b710 code [0x000001d63691b8a0, 0x000001d63691ba00]
Event: 0.901 Thread 0x000001d64a5e9e90  143       3       java.util.Objects::hashCode (13 bytes)
Event: 0.901 Thread 0x000001d64a5e9e90 nmethod 143 0x000001d63691ba90 code [0x000001d63691bc40, 0x000001d63691be50]
Event: 0.901 Thread 0x000001d64a5e9e90  145       3       java.lang.AbstractStringBuilder::newCapacity (59 bytes)
Event: 0.901 Thread 0x000001d64a5e9e90 nmethod 145 0x000001d63691bf10 code [0x000001d63691c0e0, 0x000001d63691c4b8]
Event: 0.901 Thread 0x000001d64a5e9e90  146       1       java.lang.invoke.MethodType::returnType (5 bytes)
Event: 0.901 Thread 0x000001d64a5e8b10 nmethod 140 0x000001d63e3c8590 code [0x000001d63e3c8720, 0x000001d63e3c8988]
Event: 0.901 Thread 0x000001d64a5e9e90 nmethod 146 0x000001d63e3c8b10 code [0x000001d63e3c8ca0, 0x000001d63e3c8d68]
Event: 0.902 Thread 0x000001d64a5e9e90  150       3       jdk.internal.util.ReferencedKeyMap::removeStaleReferences (30 bytes)
Event: 0.902 Thread 0x000001d64a5e9e90 nmethod 150 0x000001d63691c690 code [0x000001d63691c860, 0x000001d63691cba8]
Event: 0.902 Thread 0x000001d64a5e9e90  151   !   3       java.lang.ref.NativeReferenceQueue::poll (28 bytes)
Event: 0.902 Thread 0x000001d64a5e9e90 nmethod 151 0x000001d63691cd10 code [0x000001d63691cee0, 0x000001d63691d228]
Event: 0.998 Thread 0x000001d64a5e9e90  152       3       java.lang.invoke.MethodTypeForm::canonicalize (74 bytes)
Event: 1.000 Thread 0x000001d64a5e9e90 nmethod 152 0x000001d63691d390 code [0x000001d63691d5c0, 0x000001d63691db58]

GC Heap History (0 events):
No events

Dll operation events (5 events):
Event: 0.010 Loaded shared library C:\Program Files\Java\jdk-22\bin\java.dll
Event: 0.607 Loaded shared library C:\Program Files\Java\jdk-22\bin\jsvml.dll
Event: 0.758 Loaded shared library C:\Program Files\Java\jdk-22\bin\net.dll
Event: 0.760 Loaded shared library C:\Program Files\Java\jdk-22\bin\nio.dll
Event: 0.783 Loaded shared library C:\Program Files\Java\jdk-22\bin\zip.dll

Deoptimization events (0 events):
No events

Classes loaded (20 events):
Event: 0.886 Loading class java/lang/invoke/DirectMethodHandle$Constructor
Event: 0.887 Loading class java/lang/invoke/DirectMethodHandle$Constructor done
Event: 0.901 Loading class java/lang/NoSuchMethodError
Event: 0.901 Loading class java/lang/IncompatibleClassChangeError
Event: 0.901 Loading class java/lang/IncompatibleClassChangeError done
Event: 0.901 Loading class java/lang/NoSuchMethodError done
Event: 0.902 Loading class java/lang/invoke/BoundMethodHandle
Event: 0.933 Loading class java/lang/invoke/BoundMethodHandle done
Event: 0.933 Loading class java/lang/invoke/BoundMethodHandle$Specializer
Event: 0.986 Loading class java/lang/invoke/ClassSpecializer
Event: 0.987 Loading class java/lang/invoke/ClassSpecializer done
Event: 0.987 Loading class java/lang/invoke/BoundMethodHandle$Specializer done
Event: 0.987 Loading class java/lang/invoke/ClassSpecializer$1
Event: 0.987 Loading class java/lang/invoke/ClassSpecializer$1 done
Event: 0.987 Loading class java/lang/invoke/BoundMethodHandle$SpeciesData
Event: 0.997 Loading class java/lang/invoke/ClassSpecializer$SpeciesData
Event: 0.998 Loading class java/lang/invoke/ClassSpecializer$SpeciesData done
Event: 0.998 Loading class java/lang/invoke/BoundMethodHandle$SpeciesData done
Event: 0.999 Loading class java/lang/invoke/BoundMethodHandle$Specializer$Factory
Event: 0.999 Loading class java/lang/invoke/ClassSpecializer$Factory

Classes unloaded (0 events):
No events

Classes redefined (0 events):
No events

Internal exceptions (1 events):
Event: 0.901 Thread 0x000001d62e5b5870 Exception <a 'java/lang/NoSuchMethodError'{0x000000008a3169e8}: 'int java.lang.invoke.DirectMethodHandle$Holder.invokeSpecial(java.lang.Object, java.lang.Object, java.lang.Object)'> (0x000000008a3169e8) 
thrown [s\open\src\hotspot\share\interpreter\linkResolver.cpp, line 774]

ZGC Phase Switch (0 events):
No events

VM Operations (2 events):
Event: 0.787 Executing VM operation: HandshakeAllThreads (Deoptimize)
Event: 0.787 Executing VM operation: HandshakeAllThreads (Deoptimize) done

Events (11 events):
Event: 0.020 Thread 0x000001d62e5b5870 Thread added: 0x000001d62e5b5870
Event: 0.587 Thread 0x000001d64a5ca310 Thread added: 0x000001d64a5ca310
Event: 0.588 Thread 0x000001d64a5cb3e0 Thread added: 0x000001d64a5cb3e0
Event: 0.603 Thread 0x000001d64a5bd4e0 Thread added: 0x000001d64a5bd4e0
Event: 0.604 Thread 0x000001d64a5bef50 Thread added: 0x000001d64a5bef50
Event: 0.604 Thread 0x000001d64a5cc0d0 Thread added: 0x000001d64a5cc0d0
Event: 0.604 Thread 0x000001d64a5cfbb0 Thread added: 0x000001d64a5cfbb0
Event: 0.604 Thread 0x000001d64a5e8b10 Thread added: 0x000001d64a5e8b10
Event: 0.604 Thread 0x000001d64a5e9e90 Thread added: 0x000001d64a5e9e90
Event: 0.715 Thread 0x000001d64a5ce170 Thread added: 0x000001d64a5ce170
Event: 0.736 Thread 0x000001d64a5ce800 Thread added: 0x000001d64a5ce800


Dynamic libraries:
0x00007ff775810000 - 0x00007ff775820000 	C:\Program Files\Java\jdk-22\bin\java.exe
0x00007ffe13490000 - 0x00007ffe136a7000 	C:\WINDOWS\SYSTEM32\ntdll.dll
0x00007ffde7ac0000 - 0x00007ffde7adb000 	C:\Program Files\Avast Software\Avast\aswhook.dll
0x00007ffe12690000 - 0x00007ffe12754000 	C:\WINDOWS\System32\KERNEL32.DLL
0x00007ffe10910000 - 0x00007ffe10ce3000 	C:\WINDOWS\System32\KERNELBASE.dll
0x00007ffe10580000 - 0x00007ffe10691000 	C:\WINDOWS\System32\ucrtbase.dll
0x00007ffdf2200000 - 0x00007ffdf221b000 	C:\Program Files\Java\jdk-22\bin\VCRUNTIME140.dll
0x00007ffdf2220000 - 0x00007ffdf2237000 	C:\Program Files\Java\jdk-22\bin\jli.dll
0x00007ffe13070000 - 0x00007ffe13121000 	C:\WINDOWS\System32\ADVAPI32.dll
0x00007ffe125e0000 - 0x00007ffe12687000 	C:\WINDOWS\System32\msvcrt.dll
0x00007ffe12fc0000 - 0x00007ffe13067000 	C:\WINDOWS\System32\sechost.dll
0x00007ffe10ef0000 - 0x00007ffe10f18000 	C:\WINDOWS\System32\bcrypt.dll
0x00007ffe12050000 - 0x00007ffe12164000 	C:\WINDOWS\System32\RPCRT4.dll
0x00007ffe11aa0000 - 0x00007ffe11c51000 	C:\WINDOWS\System32\USER32.dll
0x00007ffe110f0000 - 0x00007ffe11116000 	C:\WINDOWS\System32\win32u.dll
0x00007ffe0f6d0000 - 0x00007ffe0f96b000 	C:\WINDOWS\WinSxS\amd64_microsoft.windows.common-controls_6595b64144ccf1df_6.0.22621.5262_none_2712bde373830908\COMCTL32.dll
0x00007ffe129b0000 - 0x00007ffe129d9000 	C:\WINDOWS\System32\GDI32.dll
0x00007ffe10fc0000 - 0x00007ffe110e2000 	C:\WINDOWS\System32\gdi32full.dll
0x00007ffe10f20000 - 0x00007ffe10fba000 	C:\WINDOWS\System32\msvcp_win.dll
0x00007ffe08040000 - 0x00007ffe0804a000 	C:\WINDOWS\SYSTEM32\VERSION.dll
0x00007ffe12000000 - 0x00007ffe12031000 	C:\WINDOWS\System32\IMM32.DLL
0x00007ffe0cf40000 - 0x00007ffe0cf4c000 	C:\Program Files\Java\jdk-22\bin\vcruntime140_1.dll
0x00007ffdc3af0000 - 0x00007ffdc3b7e000 	C:\Program Files\Java\jdk-22\bin\msvcp140.dll
0x00007ffd88690000 - 0x00007ffd893d7000 	C:\Program Files\Java\jdk-22\bin\server\jvm.dll
0x00007ffe12820000 - 0x00007ffe12891000 	C:\WINDOWS\System32\WS2_32.dll
0x00007ffe10460000 - 0x00007ffe104ad000 	C:\WINDOWS\SYSTEM32\POWRPROF.dll
0x00007ffe068d0000 - 0x00007ffe06904000 	C:\WINDOWS\SYSTEM32\WINMM.dll
0x00007ffe10440000 - 0x00007ffe10453000 	C:\WINDOWS\SYSTEM32\UMPDC.dll
0x00007ffe0eed0000 - 0x00007ffe0eee8000 	C:\WINDOWS\SYSTEM32\kernel.appcore.dll
0x00007ffe06880000 - 0x00007ffe0688a000 	C:\Program Files\Java\jdk-22\bin\jimage.dll
0x00007ffe0fdc0000 - 0x00007ffe0fff2000 	C:\WINDOWS\SYSTEM32\DBGHELP.DLL
0x00007ffe11c60000 - 0x00007ffe11ff3000 	C:\WINDOWS\System32\combase.dll
0x00007ffe11120000 - 0x00007ffe111f7000 	C:\WINDOWS\System32\OLEAUT32.dll
0x00007ffe0fb00000 - 0x00007ffe0fb32000 	C:\WINDOWS\SYSTEM32\dbgcore.DLL
0x00007ffe106a0000 - 0x00007ffe1071b000 	C:\WINDOWS\System32\bcryptPrimitives.dll
0x00007ffddeb60000 - 0x00007ffddeb7e000 	C:\Program Files\Java\jdk-22\bin\java.dll
0x00007ffe11200000 - 0x00007ffe11a9d000 	C:\WINDOWS\System32\SHELL32.dll
0x00007ffe10cf0000 - 0x00007ffe10e2f000 	C:\WINDOWS\System32\wintypes.dll
0x00007ffe132a0000 - 0x00007ffe13441000 	C:\WINDOWS\System32\ole32.dll
0x00007ffe0ddd0000 - 0x00007ffe0e6ed000 	C:\WINDOWS\SYSTEM32\windows.storage.dll
0x00007ffe13190000 - 0x00007ffe1329b000 	C:\WINDOWS\System32\SHCORE.dll
0x00007ffe122a0000 - 0x00007ffe12306000 	C:\WINDOWS\System32\shlwapi.dll
0x00007ffe104b0000 - 0x00007ffe104db000 	C:\WINDOWS\SYSTEM32\profapi.dll
0x00007ffdc16c0000 - 0x00007ffdc1797000 	C:\Program Files\Java\jdk-22\bin\jsvml.dll
0x00007ffe06710000 - 0x00007ffe06720000 	C:\Program Files\Java\jdk-22\bin\net.dll
0x00007ffe0f2f0000 - 0x00007ffe0f35a000 	C:\WINDOWS\system32\mswsock.dll
0x00007ffdd6ab0000 - 0x00007ffdd6ac6000 	C:\Program Files\Java\jdk-22\bin\nio.dll
0x00007ffdd42f0000 - 0x00007ffdd4307000 	C:\Program Files\Java\jdk-22\bin\zip.dll

dbghelp: loaded successfully - version: 4.0.5 - missing functions: none
symbol engine: initialized successfully - sym options: 0x614 - pdb path: .;C:\Program Files\Java\jdk-22\bin;C:\WINDOWS\SYSTEM32;C:\Program Files\Avast Software\Avast;C:\WINDOWS\WinSxS\amd64_microsoft.windows.common-controls_6595b64144ccf1df_6.0.22621.5262_none_2712bde373830908;C:\Program Files\Java\jdk-22\bin\server

VM Arguments:
jvm_args: -Dclassworlds.conf=C:\Users\deepa\Downloads\apache-maven-3.9.10-bin\apache-maven-3.9.10\bin\m2.conf -Dmaven.home=C:\Users\deepa\Downloads\apache-maven-3.9.10-bin\apache-maven-3.9.10 -Dlibrary.jansi.path=C:\Users\deepa\Downloads\apache-maven-3.9.10-bin\apache-maven-3.9.10\lib\jansi-native -Dmaven.multiModuleProjectDirectory=C:\Users\deepa\eclipse-workspace\Baniprava\src\A\E_21AutomationFramework 
java_command: org.codehaus.plexus.classworlds.launcher.Launcher validate
java_class_path (initial): C:\Users\deepa\Downloads\apache-maven-3.9.10-bin\apache-maven-3.9.10\boot\plexus-classworlds-2.9.0.jar
Launcher Type: SUN_STANDARD

[Global flags]
     intx CICompilerCount                          = 3                                         {product} {ergonomic}
     uint ConcGCThreads                            = 1                                         {product} {ergonomic}
     uint G1ConcRefinementThreads                  = 4                                         {product} {ergonomic}
   size_t G1HeapRegionSize                         = 1048576                                   {product} {ergonomic}
   size_t InitialHeapSize                          = 132120576                                 {product} {ergonomic}
   size_t MarkStackSize                            = 4194304                                   {product} {ergonomic}
   size_t MaxHeapSize                              = 2105540608                                {product} {ergonomic}
   size_t MaxNewSize                               = 1262485504                                {product} {ergonomic}
   size_t MinHeapDeltaBytes                        = 1048576                                   {product} {ergonomic}
   size_t MinHeapSize                              = 8388608                                   {product} {ergonomic}
    uintx NonNMethodCodeHeapSize                   = 5832780                                {pd product} {ergonomic}
    uintx NonProfiledCodeHeapSize                  = 122912730                              {pd product} {ergonomic}
    uintx ProfiledCodeHeapSize                     = 122912730                              {pd product} {ergonomic}
    uintx ReservedCodeCacheSize                    = 251658240                              {pd product} {ergonomic}
     bool SegmentedCodeCache                       = true                                      {product} {ergonomic}
   size_t SoftMaxHeapSize                          = 2105540608                             {manageable} {ergonomic}
     bool UseCompressedOops                        = true                           {product lp64_product} {ergonomic}
     bool UseG1GC                                  = true                                      {product} {ergonomic}
     bool UseLargePagesIndividualAllocation        = false                                  {pd product} {ergonomic}

Logging:
Log output configuration:
 #0: stdout all=warning uptime,level,tags foldmultilines=false
 #1: stderr all=off uptime,level,tags foldmultilines=false

Environment Variables:
PATH=C:\Program Files (x86)\VMware\VMware Workstation\bin\;D:\oracle\product\10.2.0\db_1\bin;C:\Program Files\Common Files\Oracle\Java\javapath;C:\WINDOWS\system32;C:\WINDOWS;C:\WINDOWS\System32\Wbem;C:\WINDOWS\System32\WindowsPowerShell\v1.0\;C:\WINDOWS\System32\OpenSSH\;C:\Program Files\Java\jdk-22\bin;C:\Users\deepa\Downloads\apache-maven-3.9.10-bin\apache-maven-3.9.10\bin;C:\Users\deepa\AppData\Local\Programs\Python\Python313\Scripts\;C:\Users\deepa\AppData\Local\Programs\Python\Python313\;C:\Users\deepa\AppData\Local\Microsoft\WindowsApps;C:\Users\deepa\AppData\Local\Programs\Microsoft VS Code\bin;C:\Program Files (x86)\MySQL\MySQL Installer for Windows;C:\Program Files\JetBrains\PyCharm 2025.1\bin
USERNAME=deepa
OS=Windows_NT
PROCESSOR_IDENTIFIER=Intel64 Family 6 Model 142 Stepping 12, GenuineIntel
TMP=C:\Users\deepa\AppData\Local\Temp
TEMP=C:\Users\deepa\AppData\Local\Temp




Periodic native trim disabled

---------------  S Y S T E M  ---------------

OS:
 Windows 11 , 64 bit Build 22621 (10.0.22621.5262)
OS uptime: 3 days 0:39 hours

CPU: total 4 (initial active 4) (2 cores per cpu, 2 threads per core) family 6 model 142 stepping 12 microcode 0xea, cx8, cmov, fxsr, ht, mmx, 3dnowpref, sse, sse2, sse3, ssse3, sse4.1, sse4.2, popcnt, lzcnt, tsc, tscinvbit, avx, avx2, aes, erms, clmul, bmi1, bmi2, adx, fma, vzeroupper, clflush, clflushopt, rdtscp, f16c
Processor Information for processor 0
  Max Mhz: 2592, Current Mhz: 1495, Mhz Limit: 2073
Processor Information for processor 1
  Max Mhz: 2592, Current Mhz: 2093, Mhz Limit: 2073
Processor Information for processor 2
  Max Mhz: 2592, Current Mhz: 1495, Mhz Limit: 2073
Processor Information for processor 3
  Max Mhz: 2592, Current Mhz: 1495, Mhz Limit: 2073

Memory: 4k page, system-wide physical 8026M (1852M free)
TotalPageFile size 10074M (AvailPageFile size 4M)
current process WorkingSet (physical memory assigned to process): 33M, peak: 33M
current process commit charge ("private bytes"): 194M, peak: 194M

vm_info: Java HotSpot(TM) 64-Bit Server VM (22.0.1+8-16) for windows-amd64 JRE (22.0.1+8-16), built on 2024-03-12T10:33:16Z by "mach5one" with MS VC++ 17.6 (VS2022)

END.
